mode: set
golang-challenge-1-drum_machine/decoder.go:13.48,15.16 2 1
golang-challenge-1-drum_machine/decoder.go:18.2,23.15 5 1
golang-challenge-1-drum_machine/decoder.go:15.16,17.3 1 0
golang-challenge-1-drum_machine/decoder.go:43.35,45.29 2 1
golang-challenge-1-drum_machine/decoder.go:55.2,55.92 1 1
golang-challenge-1-drum_machine/decoder.go:45.29,47.31 2 1
golang-challenge-1-drum_machine/decoder.go:53.3,53.46 1 1
golang-challenge-1-drum_machine/decoder.go:47.31,48.25 1 1
golang-challenge-1-drum_machine/decoder.go:51.4,51.19 1 1
golang-challenge-1-drum_machine/decoder.go:48.25,50.5 1 1
golang-challenge-1-drum_machine/drum.go:18.38,20.16 2 1
golang-challenge-1-drum_machine/drum.go:25.2,25.34 1 1
golang-challenge-1-drum_machine/drum.go:20.16,24.3 3 1
golang-challenge-1-drum_machine/drum.go:29.40,31.2 1 1
golang-challenge-1-drum_machine/drum.go:34.40,36.2 1 1
golang-challenge-1-drum_machine/drum.go:45.45,47.16 2 1
golang-challenge-1-drum_machine/drum.go:51.2,52.19 2 1
golang-challenge-1-drum_machine/drum.go:47.16,49.3 1 0
golang-challenge-1-drum_machine/drum.go:56.34,58.2 1 1
golang-challenge-1-drum_machine/drum.go:61.34,63.2 1 1
golang-challenge-1-drum_machine/drum.go:66.41,70.37 4 1
golang-challenge-1-drum_machine/drum.go:73.2,73.23 1 1
golang-challenge-1-drum_machine/drum.go:70.37,72.3 1 1
golang-challenge-1-drum_machine/drum.go:77.40,81.38 4 1
golang-challenge-1-drum_machine/drum.go:84.2,84.35 1 1
golang-challenge-1-drum_machine/drum.go:81.38,83.3 1 1
golang-challenge-1-drum_machine/drum.go:88.42,92.48 4 1
golang-challenge-1-drum_machine/drum.go:120.2,120.15 1 1
golang-challenge-1-drum_machine/drum.go:92.48,99.80 4 1
golang-challenge-1-drum_machine/drum.go:104.3,105.39 2 1
golang-challenge-1-drum_machine/drum.go:109.3,112.38 3 1
golang-challenge-1-drum_machine/drum.go:117.3,118.30 2 1
golang-challenge-1-drum_machine/drum.go:99.80,100.9 1 1
golang-challenge-1-drum_machine/drum.go:105.39,107.4 1 1
golang-challenge-1-drum_machine/drum.go:112.38,113.20 1 1
golang-challenge-1-drum_machine/drum.go:113.20,115.5 1 1
