mode: set
github.com\judwhite\go-sudoku\board_solve_xychain.go:7.38,12.26 1 1
github.com\judwhite\go-sudoku\board_solve_xychain.go:30.2,30.12 1 1
github.com\judwhite\go-sudoku\board_solve_xychain.go:12.26,14.36 2 1
github.com\judwhite\go-sudoku\board_solve_xychain.go:18.3,19.28 2 1
github.com\judwhite\go-sudoku\board_solve_xychain.go:14.36,15.12 1 1
github.com\judwhite\go-sudoku\board_solve_xychain.go:19.28,21.18 2 1
github.com\judwhite\go-sudoku\board_solve_xychain.go:24.4,24.15 1 1
github.com\judwhite\go-sudoku\board_solve_xychain.go:21.18,23.5 1 0
github.com\judwhite\go-sudoku\board_solve_xychain.go:24.15,27.5 1 1
github.com\judwhite\go-sudoku\board_solve_xychain.go:33.75,38.29 4 1
github.com\judwhite\go-sudoku\board_solve_xychain.go:83.2,83.19 1 1
github.com\judwhite\go-sudoku\board_solve_xychain.go:38.29,44.24 6 1
github.com\judwhite\go-sudoku\board_solve_xychain.go:48.3,50.34 2 1
github.com\judwhite\go-sudoku\board_solve_xychain.go:78.3,78.14 1 1
github.com\judwhite\go-sudoku\board_solve_xychain.go:44.24,45.12 1 1
github.com\judwhite\go-sudoku\board_solve_xychain.go:50.34,52.35 1 1
github.com\judwhite\go-sudoku\board_solve_xychain.go:58.4,59.31 2 1
github.com\judwhite\go-sudoku\board_solve_xychain.go:52.35,53.28 1 1
github.com\judwhite\go-sudoku\board_solve_xychain.go:53.28,54.25 1 1
github.com\judwhite\go-sudoku\board_solve_xychain.go:59.31,61.19 2 1
github.com\judwhite\go-sudoku\board_solve_xychain.go:65.5,65.24 1 1
github.com\judwhite\go-sudoku\board_solve_xychain.go:74.5,74.24 1 1
github.com\judwhite\go-sudoku\board_solve_xychain.go:61.19,63.6 1 0
github.com\judwhite\go-sudoku\board_solve_xychain.go:65.24,67.37 2 1
github.com\judwhite\go-sudoku\board_solve_xychain.go:70.6,71.88 2 1
github.com\judwhite\go-sudoku\board_solve_xychain.go:67.37,69.7 1 1
github.com\judwhite\go-sudoku\board_solve_xychain.go:78.14,81.4 1 1
github.com\judwhite\go-sudoku\board_solve_xychain.go:86.102,96.31 6 1
github.com\judwhite\go-sudoku\board_solve_xychain.go:114.2,114.24 1 1
github.com\judwhite\go-sudoku\board_solve_xychain.go:118.2,118.32 1 1
github.com\judwhite\go-sudoku\board_solve_xychain.go:139.2,139.14 1 1
github.com\judwhite\go-sudoku\board_solve_xychain.go:96.31,98.34 1 1
github.com\judwhite\go-sudoku\board_solve_xychain.go:104.3,105.85 2 1
github.com\judwhite\go-sudoku\board_solve_xychain.go:108.3,108.37 1 1
github.com\judwhite\go-sudoku\board_solve_xychain.go:111.3,111.36 1 1
github.com\judwhite\go-sudoku\board_solve_xychain.go:98.34,99.24 1 1
github.com\judwhite\go-sudoku\board_solve_xychain.go:99.24,100.25 1 1
github.com\judwhite\go-sudoku\board_solve_xychain.go:105.85,106.12 1 1
github.com\judwhite\go-sudoku\board_solve_xychain.go:108.37,109.12 1 1
github.com\judwhite\go-sudoku\board_solve_xychain.go:114.24,116.3 1 1
github.com\judwhite\go-sudoku\board_solve_xychain.go:118.32,127.21 6 1
github.com\judwhite\go-sudoku\board_solve_xychain.go:135.3,136.37 2 1
github.com\judwhite\go-sudoku\board_solve_xychain.go:127.21,128.67 1 1
github.com\judwhite\go-sudoku\board_solve_xychain.go:128.67,131.13 2 1
github.com\judwhite\go-sudoku\errors.go:13.70,15.2 1 0
github.com\judwhite\go-sudoku\errors.go:17.39,19.2 1 0
github.com\judwhite\go-sudoku\main.go:16.13,18.2 1 1
github.com\judwhite\go-sudoku\main.go:20.13,29.49 8 0
github.com\judwhite\go-sudoku\main.go:34.2,34.14 1 0
github.com\judwhite\go-sudoku\main.go:40.2,41.15 2 0
github.com\judwhite\go-sudoku\main.go:52.2,52.20 1 0
github.com\judwhite\go-sudoku\main.go:29.49,32.3 2 0
github.com\judwhite\go-sudoku\main.go:34.14,35.40 1 0
github.com\judwhite\go-sudoku\main.go:35.40,37.4 1 0
github.com\judwhite\go-sudoku\main.go:41.15,42.21 1 0
github.com\judwhite\go-sudoku\main.go:45.3,45.15 1 0
github.com\judwhite\go-sudoku\main.go:42.21,44.4 1 0
github.com\judwhite\go-sudoku\main.go:45.15,46.41 1 0
github.com\judwhite\go-sudoku\main.go:46.41,48.5 1 0
github.com\judwhite\go-sudoku\main.go:52.20,55.56 2 0
github.com\judwhite\go-sudoku\main.go:59.3,62.49 3 0
github.com\judwhite\go-sudoku\main.go:70.3,70.17 1 0
github.com\judwhite\go-sudoku\main.go:74.3,74.34 1 0
github.com\judwhite\go-sudoku\main.go:82.3,82.12 1 0
github.com\judwhite\go-sudoku\main.go:55.56,57.4 1 0
github.com\judwhite\go-sudoku\main.go:62.49,63.40 1 0
github.com\judwhite\go-sudoku\main.go:67.4,67.18 1 0
github.com\judwhite\go-sudoku\main.go:63.40,66.5 2 0
github.com\judwhite\go-sudoku\main.go:70.17,72.4 1 0
github.com\judwhite\go-sudoku\main.go:74.34,75.40 1 0
github.com\judwhite\go-sudoku\main.go:79.4,79.18 1 0
github.com\judwhite\go-sudoku\main.go:75.40,78.5 2 0
github.com\judwhite\go-sudoku\main.go:83.3,86.84 2 0
github.com\judwhite\go-sudoku\main.go:86.84,88.4 1 0
github.com\judwhite\go-sudoku\main.go:92.84,94.16 2 0
github.com\judwhite\go-sudoku\main.go:98.2,100.33 3 0
github.com\judwhite\go-sudoku\main.go:103.2,103.70 1 0
github.com\judwhite\go-sudoku\main.go:147.2,147.12 1 0
github.com\judwhite\go-sudoku\main.go:94.16,96.3 1 0
github.com\judwhite\go-sudoku\main.go:100.33,102.3 1 0
github.com\judwhite\go-sudoku\main.go:103.70,112.17 8 0
github.com\judwhite\go-sudoku\main.go:119.3,121.38 2 0
github.com\judwhite\go-sudoku\main.go:130.3,130.24 1 0
github.com\judwhite\go-sudoku\main.go:136.3,138.20 2 0
github.com\judwhite\go-sudoku\main.go:142.3,143.34 2 0
github.com\judwhite\go-sudoku\main.go:112.17,113.20 1 0
github.com\judwhite\go-sudoku\main.go:116.4,116.48 1 0
github.com\judwhite\go-sudoku\main.go:113.20,115.5 1 0
github.com\judwhite\go-sudoku\main.go:121.38,124.19 3 0
github.com\judwhite\go-sudoku\main.go:127.4,127.48 1 0
github.com\judwhite\go-sudoku\main.go:124.19,126.5 1 0
github.com\judwhite\go-sudoku\main.go:130.24,134.4 3 0
github.com\judwhite\go-sudoku\main.go:138.20,140.4 1 0
github.com\judwhite\go-sudoku\main.go:143.34,145.4 1 0
github.com\judwhite\go-sudoku\main.go:150.31,152.16 2 0
github.com\judwhite\go-sudoku\main.go:157.2,157.37 1 0
github.com\judwhite\go-sudoku\main.go:162.2,162.23 1 0
github.com\judwhite\go-sudoku\main.go:152.16,155.3 2 0
github.com\judwhite\go-sudoku\main.go:157.37,160.3 2 0
github.com\judwhite\go-sudoku\main.go:162.23,166.3 3 0
github.com\judwhite\go-sudoku\main.go:166.3,168.3 1 0
github.com\judwhite\go-sudoku\profiler.go:8.28,10.16 2 0
github.com\judwhite\go-sudoku\profiler.go:13.2,13.48 1 0
github.com\judwhite\go-sudoku\profiler.go:16.2,16.12 1 0
github.com\judwhite\go-sudoku\profiler.go:10.16,12.3 1 0
github.com\judwhite\go-sudoku\profiler.go:13.48,15.3 1 0
github.com\judwhite\go-sudoku\profiler.go:19.27,21.16 2 0
github.com\judwhite\go-sudoku\profiler.go:24.2,26.50 2 0
github.com\judwhite\go-sudoku\profiler.go:30.2,32.12 2 0
github.com\judwhite\go-sudoku\profiler.go:21.16,23.3 1 0
github.com\judwhite\go-sudoku\profiler.go:26.50,28.3 1 0
github.com\judwhite\go-sudoku\sat.go:72.87,78.16 4 1
github.com\judwhite\go-sudoku\sat.go:81.2,81.35 1 1
github.com\judwhite\go-sudoku\sat.go:88.2,88.40 1 1
github.com\judwhite\go-sudoku\sat.go:92.2,95.16 4 1
github.com\judwhite\go-sudoku\sat.go:98.2,98.21 1 1
github.com\judwhite\go-sudoku\sat.go:101.2,103.42 3 1
github.com\judwhite\go-sudoku\sat.go:108.2,115.65 2 1
github.com\judwhite\go-sudoku\sat.go:120.2,120.30 1 1
github.com\judwhite\go-sudoku\sat.go:139.2,139.15 1 1
github.com\judwhite\go-sudoku\sat.go:78.16,80.3 1 0
github.com\judwhite\go-sudoku\sat.go:81.35,83.49 1 0
github.com\judwhite\go-sudoku\sat.go:83.49,85.4 1 0
github.com\judwhite\go-sudoku\sat.go:88.40,90.3 1 0
github.com\judwhite\go-sudoku\sat.go:95.16,97.3 1 0
github.com\judwhite\go-sudoku\sat.go:98.21,100.3 1 0
github.com\judwhite\go-sudoku\sat.go:103.42,105.3 1 0
github.com\judwhite\go-sudoku\sat.go:115.65,118.3 1 0
github.com\judwhite\go-sudoku\sat.go:120.30,122.36 2 1
github.com\judwhite\go-sudoku\sat.go:127.3,129.17 3 1
github.com\judwhite\go-sudoku\sat.go:132.3,134.66 2 1
github.com\judwhite\go-sudoku\sat.go:122.36,125.12 2 0
github.com\judwhite\go-sudoku\sat.go:129.17,131.4 1 0
github.com\judwhite\go-sudoku\sat.go:134.66,136.4 1 0
github.com\judwhite\go-sudoku\sat.go:142.42,147.33 5 1
github.com\judwhite\go-sudoku\sat.go:161.2,161.12 1 1
github.com\judwhite\go-sudoku\sat.go:147.33,149.18 2 1
github.com\judwhite\go-sudoku\sat.go:152.3,154.17 2 1
github.com\judwhite\go-sudoku\sat.go:149.18,151.4 1 1
github.com\judwhite\go-sudoku\sat.go:154.17,157.4 2 1
github.com\judwhite\go-sudoku\sat.go:157.4,159.4 1 1
github.com\judwhite\go-sudoku\sat.go:164.81,166.35 2 1
github.com\judwhite\go-sudoku\sat.go:174.2,174.13 1 1
github.com\judwhite\go-sudoku\sat.go:181.2,181.16 1 1
github.com\judwhite\go-sudoku\sat.go:185.2,185.18 1 1
github.com\judwhite\go-sudoku\sat.go:166.35,168.17 2 1
github.com\judwhite\go-sudoku\sat.go:171.3,171.14 1 1
github.com\judwhite\go-sudoku\sat.go:168.17,170.4 1 0
github.com\judwhite\go-sudoku\sat.go:174.13,175.29 1 1
github.com\judwhite\go-sudoku\sat.go:178.3,178.28 1 1
github.com\judwhite\go-sudoku\sat.go:175.29,177.4 1 0
github.com\judwhite\go-sudoku\sat.go:181.16,183.3 1 1
github.com\judwhite\go-sudoku\sat.go:227.49,233.35 5 1
github.com\judwhite\go-sudoku\sat.go:249.2,249.13 1 1
github.com\judwhite\go-sudoku\sat.go:233.35,236.21 3 1
github.com\judwhite\go-sudoku\sat.go:236.21,241.30 4 1
github.com\judwhite\go-sudoku\sat.go:244.4,246.55 2 0
github.com\judwhite\go-sudoku\sat.go:241.30,242.13 1 1
github.com\judwhite\go-sudoku\sat.go:252.51,256.35 2 1
github.com\judwhite\go-sudoku\sat.go:267.2,267.17 1 1
github.com\judwhite\go-sudoku\sat.go:256.35,258.21 2 1
github.com\judwhite\go-sudoku\sat.go:258.21,264.4 4 1
github.com\judwhite\go-sudoku\sat.go:270.45,272.22 2 1
github.com\judwhite\go-sudoku\sat.go:276.2,278.35 2 1
github.com\judwhite\go-sudoku\sat.go:287.2,288.18 2 1
github.com\judwhite\go-sudoku\sat.go:272.22,274.3 1 1
github.com\judwhite\go-sudoku\sat.go:278.35,280.21 2 1
github.com\judwhite\go-sudoku\sat.go:280.21,283.4 2 1
github.com\judwhite\go-sudoku\sat.go:295.30,298.15 3 1
github.com\judwhite\go-sudoku\sat.go:307.2,308.15 2 1
github.com\judwhite\go-sudoku\sat.go:311.2,311.15 1 1
github.com\judwhite\go-sudoku\sat.go:315.2,315.21 1 1
github.com\judwhite\go-sudoku\sat.go:319.2,319.14 1 1
github.com\judwhite\go-sudoku\sat.go:298.15,300.3 1 1
github.com\judwhite\go-sudoku\sat.go:300.3,302.43 2 1
github.com\judwhite\go-sudoku\sat.go:302.43,304.4 1 1
github.com\judwhite\go-sudoku\sat.go:308.15,310.3 1 1
github.com\judwhite\go-sudoku\sat.go:311.15,313.3 1 0
github.com\judwhite\go-sudoku\sat.go:315.21,317.3 1 0
github.com\judwhite\go-sudoku\sat.go:322.56,326.21 3 1
github.com\judwhite\go-sudoku\sat.go:352.2,352.19 1 1
github.com\judwhite\go-sudoku\sat.go:326.21,327.29 1 0
github.com\judwhite\go-sudoku\sat.go:345.3,346.26 2 0
github.com\judwhite\go-sudoku\sat.go:349.3,349.36 1 0
github.com\judwhite\go-sudoku\sat.go:327.29,329.37 2 0
github.com\judwhite\go-sudoku\sat.go:340.4,341.27 2 0
github.com\judwhite\go-sudoku\sat.go:329.37,331.25 2 0
github.com\judwhite\go-sudoku\sat.go:331.25,332.32 1 0
github.com\judwhite\go-sudoku\sat.go:332.32,334.7 1 0
github.com\judwhite\go-sudoku\sat.go:335.6,337.6 1 0
github.com\judwhite\go-sudoku\sat.go:341.27,342.10 1 0
github.com\judwhite\go-sudoku\sat.go:346.26,347.9 1 0
github.com\judwhite\go-sudoku\sat.go:355.47,358.36 2 1
github.com\judwhite\go-sudoku\sat.go:369.2,369.26 1 1
github.com\judwhite\go-sudoku\sat.go:374.2,375.30 2 1
github.com\judwhite\go-sudoku\sat.go:388.2,391.15 3 1
github.com\judwhite\go-sudoku\sat.go:414.2,414.21 1 1
github.com\judwhite\go-sudoku\sat.go:418.2,418.29 1 1
github.com\judwhite\go-sudoku\sat.go:425.2,425.14 1 1
github.com\judwhite\go-sudoku\sat.go:358.36,360.23 2 1
github.com\judwhite\go-sudoku\sat.go:360.23,361.30 1 1
github.com\judwhite\go-sudoku\sat.go:361.30,363.5 1 1
github.com\judwhite\go-sudoku\sat.go:364.4,366.4 1 1
github.com\judwhite\go-sudoku\sat.go:369.26,372.3 2 1
github.com\judwhite\go-sudoku\sat.go:375.30,377.16 2 1
github.com\judwhite\go-sudoku\sat.go:381.3,381.27 1 1
github.com\judwhite\go-sudoku\sat.go:377.16,379.4 1 0
github.com\judwhite\go-sudoku\sat.go:381.27,385.4 3 0
github.com\judwhite\go-sudoku\sat.go:391.15,393.16 2 1
github.com\judwhite\go-sudoku\sat.go:393.16,395.4 1 1
github.com\judwhite\go-sudoku\sat.go:396.3,398.16 2 1
github.com\judwhite\go-sudoku\sat.go:402.3,402.64 1 1
github.com\judwhite\go-sudoku\sat.go:398.16,400.4 1 1
github.com\judwhite\go-sudoku\sat.go:402.64,404.4 0 0
github.com\judwhite\go-sudoku\sat.go:404.4,405.45 1 1
github.com\judwhite\go-sudoku\sat.go:405.45,407.18 2 1
github.com\judwhite\go-sudoku\sat.go:407.18,409.6 1 1
github.com\judwhite\go-sudoku\sat.go:414.21,416.3 1 1
github.com\judwhite\go-sudoku\sat.go:418.29,419.31 1 1
github.com\judwhite\go-sudoku\sat.go:422.3,422.70 1 1
github.com\judwhite\go-sudoku\sat.go:419.31,421.4 1 1
github.com\judwhite\go-sudoku\sat.go:428.60,430.6 2 1
github.com\judwhite\go-sudoku\sat.go:430.6,431.47 1 1
github.com\judwhite\go-sudoku\sat.go:445.3,445.20 1 1
github.com\judwhite\go-sudoku\sat.go:431.47,432.12 1 1
github.com\judwhite\go-sudoku\sat.go:435.4,435.29 1 1
github.com\judwhite\go-sudoku\sat.go:432.12,434.5 1 1
github.com\judwhite\go-sudoku\sat.go:436.4,436.63 1 1
github.com\judwhite\go-sudoku\sat.go:436.63,437.13 1 1
github.com\judwhite\go-sudoku\sat.go:440.4,440.29 1 1
github.com\judwhite\go-sudoku\sat.go:437.13,439.5 1 1
github.com\judwhite\go-sudoku\sat.go:441.4,443.4 1 1
github.com\judwhite\go-sudoku\sat.go:445.20,447.4 1 1
github.com\judwhite\go-sudoku\sat.go:451.49,452.31 1 1
github.com\judwhite\go-sudoku\sat.go:456.2,465.30 8 1
github.com\judwhite\go-sudoku\sat.go:486.2,486.19 1 1
github.com\judwhite\go-sudoku\sat.go:452.31,454.3 1 1
github.com\judwhite\go-sudoku\sat.go:465.30,466.15 1 1
github.com\judwhite\go-sudoku\sat.go:478.3,478.17 1 1
github.com\judwhite\go-sudoku\sat.go:466.15,470.19 3 1
github.com\judwhite\go-sudoku\sat.go:470.19,473.5 2 1
github.com\judwhite\go-sudoku\sat.go:473.5,475.5 1 1
github.com\judwhite\go-sudoku\sat.go:478.17,482.4 3 1
github.com\judwhite\go-sudoku\sat.go:482.4,484.4 1 1
github.com\judwhite\go-sudoku\sat.go:489.54,491.17 2 1
github.com\judwhite\go-sudoku\sat.go:495.2,497.30 3 1
github.com\judwhite\go-sudoku\sat.go:510.2,510.11 1 1
github.com\judwhite\go-sudoku\sat.go:491.17,493.3 1 0
github.com\judwhite\go-sudoku\sat.go:497.30,499.20 2 1
github.com\judwhite\go-sudoku\sat.go:503.3,503.17 1 1
github.com\judwhite\go-sudoku\sat.go:499.20,501.4 1 1
github.com\judwhite\go-sudoku\sat.go:503.17,506.4 2 1
github.com\judwhite\go-sudoku\sat.go:506.4,508.4 1 1
github.com\judwhite\go-sudoku\sudokusat.go:8.38,10.2 1 1
github.com\judwhite\go-sudoku\sudokusat.go:12.35,14.2 1 0
github.com\judwhite\go-sudoku\sudokusat.go:16.57,18.24 2 0
github.com\judwhite\go-sudoku\sudokusat.go:24.2,25.31 2 0
github.com\judwhite\go-sudoku\sudokusat.go:28.2,28.14 1 0
github.com\judwhite\go-sudoku\sudokusat.go:18.24,19.31 1 0
github.com\judwhite\go-sudoku\sudokusat.go:22.3,22.15 1 0
github.com\judwhite\go-sudoku\sudokusat.go:19.31,21.4 1 0
github.com\judwhite\go-sudoku\sudokusat.go:25.31,27.3 1 0
github.com\judwhite\go-sudoku\sudokusat.go:31.33,41.26 5 1
github.com\judwhite\go-sudoku\sudokusat.go:56.2,56.26 1 1
github.com\judwhite\go-sudoku\sudokusat.go:78.2,78.26 1 1
github.com\judwhite\go-sudoku\sudokusat.go:92.2,92.26 1 1
github.com\judwhite\go-sudoku\sudokusat.go:185.2,185.26 1 1
github.com\judwhite\go-sudoku\sudokusat.go:201.2,204.14 3 1
github.com\judwhite\go-sudoku\sudokusat.go:41.26,43.27 1 1
github.com\judwhite\go-sudoku\sudokusat.go:43.27,46.14 3 1
github.com\judwhite\go-sudoku\sudokusat.go:46.14,50.5 3 1
github.com\judwhite\go-sudoku\sudokusat.go:56.26,58.27 1 1
github.com\judwhite\go-sudoku\sudokusat.go:58.27,60.29 2 1
github.com\judwhite\go-sudoku\sudokusat.go:63.4,63.34 1 1
github.com\judwhite\go-sudoku\sudokusat.go:60.29,61.13 1 1
github.com\judwhite\go-sudoku\sudokusat.go:63.34,65.37 2 1
github.com\judwhite\go-sudoku\sudokusat.go:65.37,69.6 3 1
github.com\judwhite\go-sudoku\sudokusat.go:78.26,80.27 1 1
github.com\judwhite\go-sudoku\sudokusat.go:80.27,82.28 1 1
github.com\judwhite\go-sudoku\sudokusat.go:86.4,87.13 2 1
github.com\judwhite\go-sudoku\sudokusat.go:82.28,85.5 2 1
github.com\judwhite\go-sudoku\sudokusat.go:92.26,94.27 1 1
github.com\judwhite\go-sudoku\sudokusat.go:116.3,116.27 1 1
github.com\judwhite\go-sudoku\sudokusat.go:138.3,138.26 1 1
github.com\judwhite\go-sudoku\sudokusat.go:94.27,96.28 1 1
github.com\judwhite\go-sudoku\sudokusat.go:100.4,104.28 3 1
github.com\judwhite\go-sudoku\sudokusat.go:96.28,99.5 2 1
github.com\judwhite\go-sudoku\sudokusat.go:104.28,106.36 2 1
github.com\judwhite\go-sudoku\sudokusat.go:106.36,111.6 3 1
github.com\judwhite\go-sudoku\sudokusat.go:116.27,118.28 1 1
github.com\judwhite\go-sudoku\sudokusat.go:123.4,126.28 3 1
github.com\judwhite\go-sudoku\sudokusat.go:118.28,122.5 2 1
github.com\judwhite\go-sudoku\sudokusat.go:126.28,128.36 2 1
github.com\judwhite\go-sudoku\sudokusat.go:128.36,133.6 3 1
github.com\judwhite\go-sudoku\sudokusat.go:138.26,142.46 3 1
github.com\judwhite\go-sudoku\sudokusat.go:150.4,155.46 4 1
github.com\judwhite\go-sudoku\sudokusat.go:142.46,144.47 1 1
github.com\judwhite\go-sudoku\sudokusat.go:144.47,148.6 2 1
github.com\judwhite\go-sudoku\sudokusat.go:155.46,157.47 1 1
github.com\judwhite\go-sudoku\sudokusat.go:157.47,160.51 2 1
github.com\judwhite\go-sudoku\sudokusat.go:160.51,161.52 1 1
github.com\judwhite\go-sudoku\sudokusat.go:161.52,163.30 1 1
github.com\judwhite\go-sudoku\sudokusat.go:166.8,170.46 4 1
github.com\judwhite\go-sudoku\sudokusat.go:173.8,176.17 3 1
github.com\judwhite\go-sudoku\sudokusat.go:163.30,164.17 1 1
github.com\judwhite\go-sudoku\sudokusat.go:170.46,171.17 1 1
github.com\judwhite\go-sudoku\sudokusat.go:185.26,187.27 1 1
github.com\judwhite\go-sudoku\sudokusat.go:187.27,189.31 1 1
github.com\judwhite\go-sudoku\sudokusat.go:189.31,191.37 2 1
github.com\judwhite\go-sudoku\sudokusat.go:191.37,196.6 3 1
github.com\judwhite\go-sudoku\board_solve_naked_n.go:8.42,16.20 2 1
github.com\judwhite\go-sudoku\board_solve_naked_n.go:20.2,20.26 1 1
github.com\judwhite\go-sudoku\board_solve_naked_n.go:96.2,96.12 1 1
github.com\judwhite\go-sudoku\board_solve_naked_n.go:16.20,18.3 1 0
github.com\judwhite\go-sudoku\board_solve_naked_n.go:20.26,21.23 1 1
github.com\judwhite\go-sudoku\board_solve_naked_n.go:24.3,24.47 1 1
github.com\judwhite\go-sudoku\board_solve_naked_n.go:28.3,36.26 3 1
github.com\judwhite\go-sudoku\board_solve_naked_n.go:21.23,22.12 1 1
github.com\judwhite\go-sudoku\board_solve_naked_n.go:24.47,25.12 1 1
github.com\judwhite\go-sudoku\board_solve_naked_n.go:36.26,38.56 2 1
github.com\judwhite\go-sudoku\board_solve_naked_n.go:46.4,46.46 1 1
github.com\judwhite\go-sudoku\board_solve_naked_n.go:50.4,50.26 1 1
github.com\judwhite\go-sudoku\board_solve_naked_n.go:54.4,55.31 2 1
github.com\judwhite\go-sudoku\board_solve_naked_n.go:38.56,39.50 1 1
github.com\judwhite\go-sudoku\board_solve_naked_n.go:42.5,43.15 2 1
github.com\judwhite\go-sudoku\board_solve_naked_n.go:39.50,41.6 1 1
github.com\judwhite\go-sudoku\board_solve_naked_n.go:46.46,48.5 1 0
github.com\judwhite\go-sudoku\board_solve_naked_n.go:50.26,51.13 1 1
github.com\judwhite\go-sudoku\board_solve_naked_n.go:55.31,57.31 2 1
github.com\judwhite\go-sudoku\board_solve_naked_n.go:61.5,61.44 1 1
github.com\judwhite\go-sudoku\board_solve_naked_n.go:65.5,65.55 1 1
github.com\judwhite\go-sudoku\board_solve_naked_n.go:90.5,90.45 1 1
github.com\judwhite\go-sudoku\board_solve_naked_n.go:57.31,59.6 1 1
github.com\judwhite\go-sudoku\board_solve_naked_n.go:61.44,62.14 1 1
github.com\judwhite\go-sudoku\board_solve_naked_n.go:65.55,66.32 1 1
github.com\judwhite\go-sudoku\board_solve_naked_n.go:72.6,73.71 2 1
github.com\judwhite\go-sudoku\board_solve_naked_n.go:77.6,77.25 1 1
github.com\judwhite\go-sudoku\board_solve_naked_n.go:87.6,87.16 1 1
github.com\judwhite\go-sudoku\board_solve_naked_n.go:66.32,67.25 1 1
github.com\judwhite\go-sudoku\board_solve_naked_n.go:67.25,69.8 1 1
github.com\judwhite\go-sudoku\board_solve_naked_n.go:73.71,75.7 1 0
github.com\judwhite\go-sudoku\board_solve_naked_n.go:77.25,80.33 3 1
github.com\judwhite\go-sudoku\board_solve_naked_n.go:83.7,84.102 2 1
github.com\judwhite\go-sudoku\board_solve_naked_n.go:80.33,82.8 1 1
github.com\judwhite\go-sudoku\board_solve_naked_n.go:90.45,92.6 1 0
github.com\judwhite\go-sudoku\board_solve_sat.go:3.34,6.16 3 1
github.com\judwhite\go-sudoku\board_solve_sat.go:10.2,11.35 2 1
github.com\judwhite\go-sudoku\board_solve_sat.go:15.2,15.22 1 1
github.com\judwhite\go-sudoku\board_solve_sat.go:19.2,20.38 2 1
github.com\judwhite\go-sudoku\board_solve_sat.go:34.2,34.36 1 1
github.com\judwhite\go-sudoku\board_solve_sat.go:38.2,40.12 2 1
github.com\judwhite\go-sudoku\board_solve_sat.go:6.16,8.3 1 0
github.com\judwhite\go-sudoku\board_solve_sat.go:11.35,13.3 1 0
github.com\judwhite\go-sudoku\board_solve_sat.go:15.22,17.3 1 0
github.com\judwhite\go-sudoku\board_solve_sat.go:20.38,23.8 3 1
github.com\judwhite\go-sudoku\board_solve_sat.go:23.8,27.26 4 1
github.com\judwhite\go-sudoku\board_solve_sat.go:27.26,30.5 2 1
github.com\judwhite\go-sudoku\board_solve_sat.go:34.36,36.3 1 0
github.com\judwhite\go-sudoku\board_solve_hidden_n.go:8.43,9.20 1 1
github.com\judwhite\go-sudoku\board_solve_hidden_n.go:28.2,28.26 1 1
github.com\judwhite\go-sudoku\board_solve_hidden_n.go:60.2,60.12 1 1
github.com\judwhite\go-sudoku\board_solve_hidden_n.go:9.20,11.3 1 0
github.com\judwhite\go-sudoku\board_solve_hidden_n.go:28.26,29.23 1 1
github.com\judwhite\go-sudoku\board_solve_hidden_n.go:33.3,35.55 2 1
github.com\judwhite\go-sudoku\board_solve_hidden_n.go:43.3,49.26 2 1
github.com\judwhite\go-sudoku\board_solve_hidden_n.go:29.23,30.12 1 1
github.com\judwhite\go-sudoku\board_solve_hidden_n.go:35.55,36.49 1 1
github.com\judwhite\go-sudoku\board_solve_hidden_n.go:39.4,40.14 2 1
github.com\judwhite\go-sudoku\board_solve_hidden_n.go:36.49,38.5 1 1
github.com\judwhite\go-sudoku\board_solve_hidden_n.go:49.26,51.47 2 1
github.com\judwhite\go-sudoku\board_solve_hidden_n.go:54.4,55.69 2 1
github.com\judwhite\go-sudoku\board_solve_hidden_n.go:51.47,53.5 1 0
github.com\judwhite\go-sudoku\board_solve_hidden_n.go:55.69,57.5 1 0
github.com\judwhite\go-sudoku\board_solve_hidden_n.go:63.103,69.29 4 1
github.com\judwhite\go-sudoku\board_solve_hidden_n.go:122.2,122.12 1 1
github.com\judwhite\go-sudoku\board_solve_hidden_n.go:69.29,71.28 2 1
github.com\judwhite\go-sudoku\board_solve_hidden_n.go:74.3,74.44 1 1
github.com\judwhite\go-sudoku\board_solve_hidden_n.go:78.3,79.54 2 1
github.com\judwhite\go-sudoku\board_solve_hidden_n.go:92.3,92.49 1 1
github.com\judwhite\go-sudoku\board_solve_hidden_n.go:96.3,96.21 1 1
github.com\judwhite\go-sudoku\board_solve_hidden_n.go:100.3,102.46 2 1
github.com\judwhite\go-sudoku\board_solve_hidden_n.go:71.28,73.4 1 1
github.com\judwhite\go-sudoku\board_solve_hidden_n.go:74.44,75.12 1 0
github.com\judwhite\go-sudoku\board_solve_hidden_n.go:79.54,80.29 1 1
github.com\judwhite\go-sudoku\board_solve_hidden_n.go:83.4,83.27 1 1
github.com\judwhite\go-sudoku\board_solve_hidden_n.go:88.4,89.14 2 1
github.com\judwhite\go-sudoku\board_solve_hidden_n.go:80.29,82.5 1 1
github.com\judwhite\go-sudoku\board_solve_hidden_n.go:83.27,84.20 1 1
github.com\judwhite\go-sudoku\board_solve_hidden_n.go:84.20,86.6 1 1
github.com\judwhite\go-sudoku\board_solve_hidden_n.go:92.49,94.4 1 0
github.com\judwhite\go-sudoku\board_solve_hidden_n.go:96.21,97.12 1 1
github.com\judwhite\go-sudoku\board_solve_hidden_n.go:102.46,105.29 2 1
github.com\judwhite\go-sudoku\board_solve_hidden_n.go:105.29,106.70 1 1
github.com\judwhite\go-sudoku\board_solve_hidden_n.go:110.5,110.24 1 1
github.com\judwhite\go-sudoku\board_solve_hidden_n.go:106.70,108.6 1 0
github.com\judwhite\go-sudoku\board_solve_hidden_n.go:110.24,112.34 2 1
github.com\judwhite\go-sudoku\board_solve_hidden_n.go:115.6,116.93 2 1
github.com\judwhite\go-sudoku\board_solve_hidden_n.go:112.34,114.7 1 1
github.com\judwhite\go-sudoku\board_solve_hidden_n.go:125.42,126.11 1 1
github.com\judwhite\go-sudoku\board_solve_hidden_n.go:139.2,139.14 1 0
github.com\judwhite\go-sudoku\board_solve_hidden_n.go:127.2,128.18 1 0
github.com\judwhite\go-sudoku\board_solve_hidden_n.go:129.2,130.16 1 1
github.com\judwhite\go-sudoku\board_solve_hidden_n.go:131.2,132.18 1 1
github.com\judwhite\go-sudoku\board_solve_hidden_n.go:133.2,134.16 1 1
github.com\judwhite\go-sudoku\board_solve_hidden_n.go:135.2,136.17 1 1
github.com\judwhite\go-sudoku\board_solve_hidden_single.go:5.43,10.26 2 1
github.com\judwhite\go-sudoku\board_solve_hidden_single.go:57.2,57.12 1 1
github.com\judwhite\go-sudoku\board_solve_hidden_single.go:10.26,11.23 1 1
github.com\judwhite\go-sudoku\board_solve_hidden_single.go:14.3,17.50 3 1
github.com\judwhite\go-sudoku\board_solve_hidden_single.go:26.3,35.28 2 1
github.com\judwhite\go-sudoku\board_solve_hidden_single.go:11.23,12.12 1 1
github.com\judwhite\go-sudoku\board_solve_hidden_single.go:17.50,18.24 1 1
github.com\judwhite\go-sudoku\board_solve_hidden_single.go:21.4,23.14 2 1
github.com\judwhite\go-sudoku\board_solve_hidden_single.go:18.24,20.5 1 1
github.com\judwhite\go-sudoku\board_solve_hidden_single.go:35.28,37.46 2 1
github.com\judwhite\go-sudoku\board_solve_hidden_single.go:40.4,42.30 2 1
github.com\judwhite\go-sudoku\board_solve_hidden_single.go:37.46,39.5 1 0
github.com\judwhite\go-sudoku\board_solve_hidden_single.go:42.30,49.80 4 1
github.com\judwhite\go-sudoku\board_solve_hidden_single.go:52.5,52.15 1 1
github.com\judwhite\go-sudoku\board_solve_hidden_single.go:49.80,51.6 1 0
github.com\judwhite\go-sudoku\board_solve_swordfish.go:19.40,31.37 1 1
github.com\judwhite\go-sudoku\board_solve_swordfish.go:117.2,117.27 1 1
github.com\judwhite\go-sudoku\board_solve_swordfish.go:198.2,198.12 1 1
github.com\judwhite\go-sudoku\board_solve_swordfish.go:31.37,34.19 2 1
github.com\judwhite\go-sudoku\board_solve_swordfish.go:37.5,37.16 1 1
github.com\judwhite\go-sudoku\board_solve_swordfish.go:34.19,36.6 1 1
github.com\judwhite\go-sudoku\board_solve_swordfish.go:39.41,43.5 3 1
github.com\judwhite\go-sudoku\board_solve_swordfish.go:44.47,48.5 3 1
github.com\judwhite\go-sudoku\board_solve_swordfish.go:49.42,52.36 2 1
github.com\judwhite\go-sudoku\board_solve_swordfish.go:55.5,55.25 1 1
github.com\judwhite\go-sudoku\board_solve_swordfish.go:52.36,54.6 1 1
github.com\judwhite\go-sudoku\board_solve_swordfish.go:57.56,59.36 2 1
github.com\judwhite\go-sudoku\board_solve_swordfish.go:65.5,65.22 1 1
github.com\judwhite\go-sudoku\board_solve_swordfish.go:59.36,61.29 2 1
github.com\judwhite\go-sudoku\board_solve_swordfish.go:61.29,63.7 1 1
github.com\judwhite\go-sudoku\board_solve_swordfish.go:67.52,69.5 1 1
github.com\judwhite\go-sudoku\board_solve_swordfish.go:75.37,78.18 2 1
github.com\judwhite\go-sudoku\board_solve_swordfish.go:81.5,81.16 1 1
github.com\judwhite\go-sudoku\board_solve_swordfish.go:78.18,80.6 1 1
github.com\judwhite\go-sudoku\board_solve_swordfish.go:83.41,87.5 3 1
github.com\judwhite\go-sudoku\board_solve_swordfish.go:88.47,92.5 3 1
github.com\judwhite\go-sudoku\board_solve_swordfish.go:93.42,96.36 2 1
github.com\judwhite\go-sudoku\board_solve_swordfish.go:99.5,99.25 1 1
github.com\judwhite\go-sudoku\board_solve_swordfish.go:96.36,98.6 1 1
github.com\judwhite\go-sudoku\board_solve_swordfish.go:101.56,103.36 2 1
github.com\judwhite\go-sudoku\board_solve_swordfish.go:109.5,109.18 1 1
github.com\judwhite\go-sudoku\board_solve_swordfish.go:103.36,105.29 2 1
github.com\judwhite\go-sudoku\board_solve_swordfish.go:105.29,107.7 1 1
github.com\judwhite\go-sudoku\board_solve_swordfish.go:111.52,113.5 1 1
github.com\judwhite\go-sudoku\board_solve_swordfish.go:117.27,119.49 1 1
github.com\judwhite\go-sudoku\board_solve_swordfish.go:119.49,127.55 2 1
github.com\judwhite\go-sudoku\board_solve_swordfish.go:144.4,144.50 1 1
github.com\judwhite\go-sudoku\board_solve_swordfish.go:149.4,150.32 2 1
github.com\judwhite\go-sudoku\board_solve_swordfish.go:154.4,154.40 1 1
github.com\judwhite\go-sudoku\board_solve_swordfish.go:127.55,129.25 2 1
github.com\judwhite\go-sudoku\board_solve_swordfish.go:133.5,133.33 1 1
github.com\judwhite\go-sudoku\board_solve_swordfish.go:141.5,141.15 1 1
github.com\judwhite\go-sudoku\board_solve_swordfish.go:129.25,131.6 1 1
github.com\judwhite\go-sudoku\board_solve_swordfish.go:133.33,135.13 2 1
github.com\judwhite\go-sudoku\board_solve_swordfish.go:135.13,137.7 1 1
github.com\judwhite\go-sudoku\board_solve_swordfish.go:137.7,139.7 1 1
github.com\judwhite\go-sudoku\board_solve_swordfish.go:144.50,146.5 1 0
github.com\judwhite\go-sudoku\board_solve_swordfish.go:150.32,151.13 1 1
github.com\judwhite\go-sudoku\board_solve_swordfish.go:154.40,155.25 1 1
github.com\judwhite\go-sudoku\board_solve_swordfish.go:155.25,157.20 2 1
github.com\judwhite\go-sudoku\board_solve_swordfish.go:161.6,161.32 1 1
github.com\judwhite\go-sudoku\board_solve_swordfish.go:157.20,159.7 1 0
github.com\judwhite\go-sudoku\board_solve_swordfish.go:161.32,170.21 6 1
github.com\judwhite\go-sudoku\board_solve_swordfish.go:174.7,174.29 1 1
github.com\judwhite\go-sudoku\board_solve_swordfish.go:170.21,172.8 1 0
github.com\judwhite\go-sudoku\board_solve_swordfish.go:174.29,175.35 1 1
github.com\judwhite\go-sudoku\board_solve_swordfish.go:175.35,183.23 2 1
github.com\judwhite\go-sudoku\board_solve_swordfish.go:186.9,186.22 1 1
github.com\judwhite\go-sudoku\board_solve_swordfish.go:183.23,185.10 1 0
github.com\judwhite\go-sudoku\board_solve_swordfish.go:186.22,189.10 1 1
github.com\judwhite\go-sudoku\board_solve_swordfish.go:201.122,206.19 3 1
github.com\judwhite\go-sudoku\board_solve_swordfish.go:210.2,211.54 2 1
github.com\judwhite\go-sudoku\board_solve_swordfish.go:221.2,221.55 1 1
github.com\judwhite\go-sudoku\board_solve_swordfish.go:225.2,228.19 3 1
github.com\judwhite\go-sudoku\board_solve_swordfish.go:232.2,232.32 1 1
github.com\judwhite\go-sudoku\board_solve_swordfish.go:254.2,255.16 2 1
github.com\judwhite\go-sudoku\board_solve_swordfish.go:259.2,261.19 2 1
github.com\judwhite\go-sudoku\board_solve_swordfish.go:206.19,208.3 1 1
github.com\judwhite\go-sudoku\board_solve_swordfish.go:211.54,213.35 1 1
github.com\judwhite\go-sudoku\board_solve_swordfish.go:217.3,218.13 2 1
github.com\judwhite\go-sudoku\board_solve_swordfish.go:213.35,215.4 1 1
github.com\judwhite\go-sudoku\board_solve_swordfish.go:221.55,223.3 1 0
github.com\judwhite\go-sudoku\board_solve_swordfish.go:228.19,230.3 1 0
github.com\judwhite\go-sudoku\board_solve_swordfish.go:232.32,234.29 2 1
github.com\judwhite\go-sudoku\board_solve_swordfish.go:249.3,249.26 1 1
github.com\judwhite\go-sudoku\board_solve_swordfish.go:234.29,236.48 2 1
github.com\judwhite\go-sudoku\board_solve_swordfish.go:242.4,242.20 1 1
github.com\judwhite\go-sudoku\board_solve_swordfish.go:236.48,237.47 1 1
github.com\judwhite\go-sudoku\board_solve_swordfish.go:237.47,239.11 2 1
github.com\judwhite\go-sudoku\board_solve_swordfish.go:242.20,244.27 2 1
github.com\judwhite\go-sudoku\board_solve_swordfish.go:244.27,245.11 1 1
github.com\judwhite\go-sudoku\board_solve_swordfish.go:249.26,251.4 1 1
github.com\judwhite\go-sudoku\board_solve_swordfish.go:255.16,257.3 1 0
github.com\judwhite\go-sudoku\board_solve_swordfish.go:264.78,266.25 2 1
github.com\judwhite\go-sudoku\board_solve_swordfish.go:272.2,272.17 1 1
github.com\judwhite\go-sudoku\board_solve_swordfish.go:266.25,268.21 2 1
github.com\judwhite\go-sudoku\board_solve_swordfish.go:268.21,270.4 1 1
github.com\judwhite\go-sudoku\board_solve_swordfish.go:275.49,279.21 3 1
github.com\judwhite\go-sudoku\board_solve_swordfish.go:283.2,284.22 2 1
github.com\judwhite\go-sudoku\board_solve_swordfish.go:288.2,289.20 2 1
github.com\judwhite\go-sudoku\board_solve_swordfish.go:293.2,293.18 1 1
github.com\judwhite\go-sudoku\board_solve_swordfish.go:279.21,281.3 1 1
github.com\judwhite\go-sudoku\board_solve_swordfish.go:284.22,286.3 1 1
github.com\judwhite\go-sudoku\board_solve_swordfish.go:289.20,291.3 1 1
github.com\judwhite\go-sudoku\board_solve_swordfish.go:296.108,305.31 7 1
github.com\judwhite\go-sudoku\board_solve_swordfish.go:342.2,342.12 1 1
github.com\judwhite\go-sudoku\board_solve_swordfish.go:305.31,308.12 3 1
github.com\judwhite\go-sudoku\board_solve_swordfish.go:311.3,313.52 2 1
github.com\judwhite\go-sudoku\board_solve_swordfish.go:337.3,337.57 1 1
github.com\judwhite\go-sudoku\board_solve_swordfish.go:308.12,309.12 1 1
github.com\judwhite\go-sudoku\board_solve_swordfish.go:313.52,314.32 1 1
github.com\judwhite\go-sudoku\board_solve_swordfish.go:320.4,321.18 2 1
github.com\judwhite\go-sudoku\board_solve_swordfish.go:325.4,325.23 1 1
github.com\judwhite\go-sudoku\board_solve_swordfish.go:334.4,334.14 1 1
github.com\judwhite\go-sudoku\board_solve_swordfish.go:314.32,315.42 1 1
github.com\judwhite\go-sudoku\board_solve_swordfish.go:315.42,317.6 1 1
github.com\judwhite\go-sudoku\board_solve_swordfish.go:321.18,323.5 1 0
github.com\judwhite\go-sudoku\board_solve_swordfish.go:325.23,327.40 2 1
github.com\judwhite\go-sudoku\board_solve_swordfish.go:330.5,331.90 2 1
github.com\judwhite\go-sudoku\board_solve_swordfish.go:327.40,329.6 1 1
github.com\judwhite\go-sudoku\board_solve_swordfish.go:337.57,339.4 1 0
github.com\judwhite\go-sudoku\board_solve_ywing.go:5.36,18.26 2 1
github.com\judwhite\go-sudoku\board_solve_ywing.go:110.2,110.12 1 1
github.com\judwhite\go-sudoku\board_solve_ywing.go:18.26,19.23 1 1
github.com\judwhite\go-sudoku\board_solve_ywing.go:23.3,24.36 2 1
github.com\judwhite\go-sudoku\board_solve_ywing.go:28.3,33.39 3 1
github.com\judwhite\go-sudoku\board_solve_ywing.go:45.3,49.30 3 1
github.com\judwhite\go-sudoku\board_solve_ywing.go:63.3,63.26 1 1
github.com\judwhite\go-sudoku\board_solve_ywing.go:67.3,67.35 1 1
github.com\judwhite\go-sudoku\board_solve_ywing.go:19.23,20.12 1 1
github.com\judwhite\go-sudoku\board_solve_ywing.go:24.36,25.12 1 1
github.com\judwhite\go-sudoku\board_solve_ywing.go:33.39,35.41 2 1
github.com\judwhite\go-sudoku\board_solve_ywing.go:38.4,38.38 1 1
github.com\judwhite\go-sudoku\board_solve_ywing.go:41.4,41.41 1 1
github.com\judwhite\go-sudoku\board_solve_ywing.go:35.41,36.13 1 1
github.com\judwhite\go-sudoku\board_solve_ywing.go:38.38,39.13 1 1
github.com\judwhite\go-sudoku\board_solve_ywing.go:49.30,50.22 1 1
github.com\judwhite\go-sudoku\board_solve_ywing.go:54.4,58.55 3 1
github.com\judwhite\go-sudoku\board_solve_ywing.go:50.22,52.13 2 0
github.com\judwhite\go-sudoku\board_solve_ywing.go:58.55,60.5 1 1
github.com\judwhite\go-sudoku\board_solve_ywing.go:63.26,64.12 1 1
github.com\judwhite\go-sudoku\board_solve_ywing.go:67.35,68.23 1 1
github.com\judwhite\go-sudoku\board_solve_ywing.go:73.4,77.25 4 1
github.com\judwhite\go-sudoku\board_solve_ywing.go:81.4,84.35 3 1
github.com\judwhite\go-sudoku\board_solve_ywing.go:103.4,103.15 1 1
github.com\judwhite\go-sudoku\board_solve_ywing.go:68.23,70.13 1 0
github.com\judwhite\go-sudoku\board_solve_ywing.go:77.25,78.13 1 0
github.com\judwhite\go-sudoku\board_solve_ywing.go:84.35,85.64 1 1
github.com\judwhite\go-sudoku\board_solve_ywing.go:89.5,89.49 1 1
github.com\judwhite\go-sudoku\board_solve_ywing.go:85.64,86.14 1 1
github.com\judwhite\go-sudoku\board_solve_ywing.go:89.49,91.20 2 1
github.com\judwhite\go-sudoku\board_solve_ywing.go:95.6,95.25 1 1
github.com\judwhite\go-sudoku\board_solve_ywing.go:99.6,99.25 1 1
github.com\judwhite\go-sudoku\board_solve_ywing.go:91.20,93.7 1 0
github.com\judwhite\go-sudoku\board_solve_ywing.go:95.25,97.7 1 1
github.com\judwhite\go-sudoku\board_solve_ywing.go:103.15,106.5 1 1
github.com\judwhite\go-sudoku\board_validate.go:5.34,6.32 1 1
github.com\judwhite\go-sudoku\board_validate.go:61.2,61.12 1 1
github.com\judwhite\go-sudoku\board_validate.go:6.32,13.42 5 1
github.com\judwhite\go-sudoku\board_validate.go:17.3,17.43 1 1
github.com\judwhite\go-sudoku\board_validate.go:20.3,20.34 1 1
github.com\judwhite\go-sudoku\board_validate.go:25.3,28.36 4 1
github.com\judwhite\go-sudoku\board_validate.go:33.3,33.43 1 1
github.com\judwhite\go-sudoku\board_validate.go:36.3,36.34 1 1
github.com\judwhite\go-sudoku\board_validate.go:41.3,46.42 6 1
github.com\judwhite\go-sudoku\board_validate.go:53.3,53.43 1 1
github.com\judwhite\go-sudoku\board_validate.go:56.3,56.34 1 1
github.com\judwhite\go-sudoku\board_validate.go:13.42,16.4 2 1
github.com\judwhite\go-sudoku\board_validate.go:17.43,19.4 1 0
github.com\judwhite\go-sudoku\board_validate.go:20.34,22.4 1 0
github.com\judwhite\go-sudoku\board_validate.go:28.36,32.4 3 1
github.com\judwhite\go-sudoku\board_validate.go:33.43,35.4 1 0
github.com\judwhite\go-sudoku\board_validate.go:36.34,38.4 1 0
github.com\judwhite\go-sudoku\board_validate.go:46.42,47.43 1 1
github.com\judwhite\go-sudoku\board_validate.go:47.43,51.5 3 1
github.com\judwhite\go-sudoku\board_validate.go:53.43,55.4 1 0
github.com\judwhite\go-sudoku\board_validate.go:56.34,58.4 1 0
github.com\judwhite\go-sudoku\board_validate.go:89.34,90.20 1 1
github.com\judwhite\go-sudoku\board_validate.go:94.2,95.25 2 1
github.com\judwhite\go-sudoku\board_validate.go:107.2,107.12 1 1
github.com\judwhite\go-sudoku\board_validate.go:90.20,92.3 1 0
github.com\judwhite\go-sudoku\board_validate.go:95.25,96.13 1 1
github.com\judwhite\go-sudoku\board_validate.go:100.3,102.25 2 1
github.com\judwhite\go-sudoku\board_validate.go:105.3,105.17 1 1
github.com\judwhite\go-sudoku\board_validate.go:96.13,97.12 1 1
github.com\judwhite\go-sudoku\board_validate.go:102.25,104.4 1 0
github.com\judwhite\go-sudoku\generate.go:10.38,12.16 2 0
github.com\judwhite\go-sudoku\generate.go:16.2,16.20 1 0
github.com\judwhite\go-sudoku\generate.go:35.2,35.15 1 0
github.com\judwhite\go-sudoku\generate.go:12.16,14.3 1 0
github.com\judwhite\go-sudoku\generate.go:16.20,18.23 2 0
github.com\judwhite\go-sudoku\generate.go:21.3,26.17 5 0
github.com\judwhite\go-sudoku\generate.go:30.3,31.17 2 0
github.com\judwhite\go-sudoku\generate.go:18.23,19.12 1 0
github.com\judwhite\go-sudoku\generate.go:26.17,28.4 1 0
github.com\judwhite\go-sudoku\generate.go:31.17,33.4 1 0
github.com\judwhite\go-sudoku\generate.go:38.71,39.6 1 0
github.com\judwhite\go-sudoku\generate.go:39.6,42.30 3 0
github.com\judwhite\go-sudoku\generate.go:45.3,47.17 3 0
github.com\judwhite\go-sudoku\generate.go:51.3,52.17 2 0
github.com\judwhite\go-sudoku\generate.go:55.3,56.73 2 0
github.com\judwhite\go-sudoku\generate.go:60.3,60.71 1 0
github.com\judwhite\go-sudoku\generate.go:42.30,44.4 1 0
github.com\judwhite\go-sudoku\generate.go:47.17,49.4 1 0
github.com\judwhite\go-sudoku\generate.go:52.17,54.4 1 0
github.com\judwhite\go-sudoku\generate.go:56.73,58.4 1 0
github.com\judwhite\go-sudoku\generate.go:60.71,62.4 1 0
github.com\judwhite\go-sudoku\generate.go:66.41,72.47 5 0
github.com\judwhite\go-sudoku\generate.go:146.2,146.16 1 0
github.com\judwhite\go-sudoku\generate.go:72.47,77.16 4 0
github.com\judwhite\go-sudoku\generate.go:83.3,83.27 1 0
github.com\judwhite\go-sudoku\generate.go:87.3,89.20 3 0
github.com\judwhite\go-sudoku\generate.go:92.3,93.20 2 0
github.com\judwhite\go-sudoku\generate.go:97.3,97.16 1 0
github.com\judwhite\go-sudoku\generate.go:127.3,128.17 2 0
github.com\judwhite\go-sudoku\generate.go:132.3,134.35 2 0
github.com\judwhite\go-sudoku\generate.go:77.16,78.32 1 0
github.com\judwhite\go-sudoku\generate.go:81.4,81.28 1 0
github.com\judwhite\go-sudoku\generate.go:78.32,79.13 1 0
github.com\judwhite\go-sudoku\generate.go:83.27,84.12 1 0
github.com\judwhite\go-sudoku\generate.go:89.20,91.4 1 0
github.com\judwhite\go-sudoku\generate.go:93.20,95.4 1 0
github.com\judwhite\go-sudoku\generate.go:97.16,103.76 4 0
github.com\judwhite\go-sudoku\generate.go:107.4,110.23 4 0
github.com\judwhite\go-sudoku\generate.go:103.76,104.13 1 0
github.com\judwhite\go-sudoku\generate.go:111.4,111.23 1 0
github.com\judwhite\go-sudoku\generate.go:111.23,115.28 2 0
github.com\judwhite\go-sudoku\generate.go:119.4,120.23 2 0
github.com\judwhite\go-sudoku\generate.go:115.28,116.13 1 0
github.com\judwhite\go-sudoku\generate.go:121.4,124.4 1 0
github.com\judwhite\go-sudoku\generate.go:128.17,130.4 1 0
github.com\judwhite\go-sudoku\generate.go:134.35,139.33 4 0
github.com\judwhite\go-sudoku\generate.go:139.33,142.5 2 0
github.com\judwhite\go-sudoku\generate.go:149.49,151.32 2 0
github.com\judwhite\go-sudoku\generate.go:155.2,155.52 1 0
github.com\judwhite\go-sudoku\generate.go:171.2,171.57 1 0
github.com\judwhite\go-sudoku\generate.go:175.2,176.23 2 0
github.com\judwhite\go-sudoku\generate.go:179.2,179.19 1 0
github.com\judwhite\go-sudoku\generate.go:151.32,153.3 1 0
github.com\judwhite\go-sudoku\generate.go:155.52,156.23 1 0
github.com\judwhite\go-sudoku\generate.go:159.3,160.15 2 0
github.com\judwhite\go-sudoku\generate.go:164.3,164.30 1 0
github.com\judwhite\go-sudoku\generate.go:168.3,168.13 1 0
github.com\judwhite\go-sudoku\generate.go:156.23,158.4 1 0
github.com\judwhite\go-sudoku\generate.go:160.15,162.4 1 0
github.com\judwhite\go-sudoku\generate.go:164.30,166.4 1 0
github.com\judwhite\go-sudoku\generate.go:171.57,173.3 1 0
github.com\judwhite\go-sudoku\generate.go:176.23,178.3 1 0
github.com\judwhite\go-sudoku\generate.go:182.48,184.40 2 0
github.com\judwhite\go-sudoku\generate.go:190.2,190.16 1 0
github.com\judwhite\go-sudoku\generate.go:184.40,185.27 1 0
github.com\judwhite\go-sudoku\generate.go:185.27,187.4 1 0
github.com\judwhite\go-sudoku\board.go:35.32,41.2 4 1
github.com\judwhite\go-sudoku\board.go:43.33,45.2 1 1
github.com\judwhite\go-sudoku\board.go:47.30,48.14 1 1
github.com\judwhite\go-sudoku\board.go:51.2,51.18 1 1
github.com\judwhite\go-sudoku\board.go:48.14,50.3 1 1
github.com\judwhite\go-sudoku\board.go:54.30,56.2 1 1
github.com\judwhite\go-sudoku\board.go:58.59,60.41 2 1
github.com\judwhite\go-sudoku\board.go:65.2,65.12 1 1
github.com\judwhite\go-sudoku\board.go:60.41,61.36 1 1
github.com\judwhite\go-sudoku\board.go:61.36,63.4 1 0
github.com\judwhite\go-sudoku\board.go:68.62,69.35 1 1
github.com\judwhite\go-sudoku\board.go:74.2,74.12 1 1
github.com\judwhite\go-sudoku\board.go:69.35,70.36 1 1
github.com\judwhite\go-sudoku\board.go:70.36,72.4 1 0
github.com\judwhite\go-sudoku\board.go:77.59,80.41 3 1
github.com\judwhite\go-sudoku\board.go:88.2,88.12 1 1
github.com\judwhite\go-sudoku\board.go:80.41,81.42 1 1
github.com\judwhite\go-sudoku\board.go:81.42,83.42 2 1
github.com\judwhite\go-sudoku\board.go:83.42,85.5 1 0
github.com\judwhite\go-sudoku\board.go:91.59,92.48 1 1
github.com\judwhite\go-sudoku\board.go:95.2,95.51 1 1
github.com\judwhite\go-sudoku\board.go:98.2,98.48 1 1
github.com\judwhite\go-sudoku\board.go:101.2,101.12 1 1
github.com\judwhite\go-sudoku\board.go:92.48,94.3 1 0
github.com\judwhite\go-sudoku\board.go:95.51,97.3 1 0
github.com\judwhite\go-sudoku\board.go:98.48,100.3 1 0
github.com\judwhite\go-sudoku\board.go:104.73,108.32 3 0
github.com\judwhite\go-sudoku\board.go:113.2,113.32 1 0
github.com\judwhite\go-sudoku\board.go:118.2,118.32 1 0
github.com\judwhite\go-sudoku\board.go:123.2,123.12 1 0
github.com\judwhite\go-sudoku\board.go:108.32,109.50 1 0
github.com\judwhite\go-sudoku\board.go:109.50,111.4 1 0
github.com\judwhite\go-sudoku\board.go:113.32,114.53 1 0
github.com\judwhite\go-sudoku\board.go:114.53,116.4 1 0
github.com\judwhite\go-sudoku\board.go:118.32,119.50 1 0
github.com\judwhite\go-sudoku\board.go:119.50,121.4 1 0
github.com\judwhite\go-sudoku\board.go:126.46,134.25 5 0
github.com\judwhite\go-sudoku\board.go:166.2,166.25 1 0
github.com\judwhite\go-sudoku\board.go:134.25,135.66 1 0
github.com\judwhite\go-sudoku\board.go:138.3,141.32 2 0
github.com\judwhite\go-sudoku\board.go:145.3,145.22 1 0
github.com\judwhite\go-sudoku\board.go:149.3,149.26 1 0
github.com\judwhite\go-sudoku\board.go:135.66,137.4 1 0
github.com\judwhite\go-sudoku\board.go:141.32,143.4 1 0
github.com\judwhite\go-sudoku\board.go:145.22,147.4 1 0
github.com\judwhite\go-sudoku\board.go:149.26,150.16 1 0
github.com\judwhite\go-sudoku\board.go:150.16,151.17 1 0
github.com\judwhite\go-sudoku\board.go:157.5,157.21 1 0
github.com\judwhite\go-sudoku\board.go:151.17,153.64 2 0
github.com\judwhite\go-sudoku\board.go:153.64,155.7 1 0
github.com\judwhite\go-sudoku\board.go:158.5,159.17 1 0
github.com\judwhite\go-sudoku\board.go:159.17,161.6 1 0
github.com\judwhite\go-sudoku\board.go:169.48,171.16 2 1
github.com\judwhite\go-sudoku\board.go:175.2,175.21 1 1
github.com\judwhite\go-sudoku\board.go:171.16,173.3 1 0
github.com\judwhite\go-sudoku\board.go:178.42,183.18 4 1
github.com\judwhite\go-sudoku\board.go:187.2,188.26 2 1
github.com\judwhite\go-sudoku\board.go:192.2,192.26 1 1
github.com\judwhite\go-sudoku\board.go:202.2,204.19 2 1
github.com\judwhite\go-sudoku\board.go:183.18,185.3 1 0
github.com\judwhite\go-sudoku\board.go:188.26,190.3 1 1
github.com\judwhite\go-sudoku\board.go:192.26,194.48 1 1
github.com\judwhite\go-sudoku\board.go:194.48,196.54 2 1
github.com\judwhite\go-sudoku\board.go:196.54,198.5 1 0
github.com\judwhite\go-sudoku\board.go:207.33,209.26 2 1
github.com\judwhite\go-sudoku\board.go:214.2,214.12 1 1
github.com\judwhite\go-sudoku\board.go:209.26,210.23 1 1
github.com\judwhite\go-sudoku\board.go:210.23,212.4 1 1
github.com\judwhite\go-sudoku\board.go:217.33,219.2 1 1
github.com\judwhite\go-sudoku\board.go:221.48,225.26 3 1
github.com\judwhite\go-sudoku\board.go:237.2,237.13 1 1
github.com\judwhite\go-sudoku\board.go:225.26,226.35 1 1
github.com\judwhite\go-sudoku\board.go:229.3,232.24 2 1
github.com\judwhite\go-sudoku\board.go:226.35,227.12 1 1
github.com\judwhite\go-sudoku\board.go:232.24,234.4 1 1
github.com\judwhite\go-sudoku\board.go:240.67,244.26 3 1
github.com\judwhite\go-sudoku\board.go:256.2,256.13 1 1
github.com\judwhite\go-sudoku\board.go:244.26,245.62 1 1
github.com\judwhite\go-sudoku\board.go:248.3,251.24 2 1
github.com\judwhite\go-sudoku\board.go:245.62,246.12 1 1
github.com\judwhite\go-sudoku\board.go:251.24,253.4 1 1
github.com\judwhite\go-sudoku\board_print.go:8.25,9.37 1 0
github.com\judwhite\go-sudoku\board_print.go:9.37,10.23 1 0
github.com\judwhite\go-sudoku\board_print.go:15.3,15.19 1 0
github.com\judwhite\go-sudoku\board_print.go:10.23,12.4 1 0
github.com\judwhite\go-sudoku\board_print.go:12.4,14.4 1 0
github.com\judwhite\go-sudoku\board_print.go:15.19,17.4 1 0
github.com\judwhite\go-sudoku\board_print.go:17.4,19.4 1 0
github.com\judwhite\go-sudoku\board_print.go:23.31,25.37 2 0
github.com\judwhite\go-sudoku\board_print.go:25.37,26.23 1 0
github.com\judwhite\go-sudoku\board_print.go:31.3,31.19 1 0
github.com\judwhite\go-sudoku\board_print.go:26.23,28.4 1 0
github.com\judwhite\go-sudoku\board_print.go:28.4,30.4 1 0
github.com\judwhite\go-sudoku\board_print.go:31.19,33.21 2 0
github.com\judwhite\go-sudoku\board_print.go:33.21,35.16 2 0
github.com\judwhite\go-sudoku\board_print.go:35.16,37.6 1 0
github.com\judwhite\go-sudoku\board_print.go:38.5,40.5 1 0
github.com\judwhite\go-sudoku\board_print.go:41.4,41.26 1 0
github.com\judwhite\go-sudoku\board_print.go:41.26,43.4 1 0
github.com\judwhite\go-sudoku\board_print.go:47.32,49.2 1 0
github.com\judwhite\go-sudoku\board_print.go:51.37,53.26 2 0
github.com\judwhite\go-sudoku\board_print.go:56.2,56.21 1 0
github.com\judwhite\go-sudoku\board_print.go:53.26,55.3 1 0
github.com\judwhite\go-sudoku\board_print.go:59.30,61.2 1 0
github.com\judwhite\go-sudoku\board_print.go:63.48,69.37 5 1
github.com\judwhite\go-sudoku\board_print.go:91.2,91.21 1 1
github.com\judwhite\go-sudoku\board_print.go:69.37,70.23 1 1
github.com\judwhite\go-sudoku\board_print.go:75.3,75.19 1 1
github.com\judwhite\go-sudoku\board_print.go:70.23,72.4 1 1
github.com\judwhite\go-sudoku\board_print.go:72.4,74.4 1 1
github.com\judwhite\go-sudoku\board_print.go:75.19,78.21 3 1
github.com\judwhite\go-sudoku\board_print.go:78.21,80.16 2 1
github.com\judwhite\go-sudoku\board_print.go:80.16,82.6 1 1
github.com\judwhite\go-sudoku\board_print.go:83.5,85.5 1 1
github.com\judwhite\go-sudoku\board_print.go:86.4,86.26 1 1
github.com\judwhite\go-sudoku\board_print.go:86.26,88.4 1 1
github.com\judwhite\go-sudoku\board_print.go:94.39,96.25 2 0
github.com\judwhite\go-sudoku\board_print.go:96.25,97.26 1 0
github.com\judwhite\go-sudoku\board_print.go:108.3,108.16 1 0
github.com\judwhite\go-sudoku\board_print.go:97.26,98.14 1 0
github.com\judwhite\go-sudoku\board_print.go:101.4,101.19 1 0
github.com\judwhite\go-sudoku\board_print.go:106.4,106.7 1 0
github.com\judwhite\go-sudoku\board_print.go:98.14,100.5 1 0
github.com\judwhite\go-sudoku\board_print.go:101.19,103.5 1 0
github.com\judwhite\go-sudoku\board_print.go:103.5,105.5 1 0
github.com\judwhite\go-sudoku\board_solve.go:8.62,12.45 2 1
github.com\judwhite\go-sudoku\board_solve.go:16.2,18.46 2 1
github.com\judwhite\go-sudoku\board_solve.go:22.2,22.12 1 1
github.com\judwhite\go-sudoku\board_solve.go:12.45,14.3 1 0
github.com\judwhite\go-sudoku\board_solve.go:18.46,20.3 1 0
github.com\judwhite\go-sudoku\board_solve.go:25.31,27.2 1 1
github.com\judwhite\go-sudoku\board_solve.go:35.39,59.2 2 1
github.com\judwhite\go-sudoku\board_solve.go:61.72,62.22 1 1
github.com\judwhite\go-sudoku\board_solve.go:62.22,63.35 1 1
github.com\judwhite\go-sudoku\board_solve.go:66.3,66.13 1 1
github.com\judwhite\go-sudoku\board_solve.go:63.35,65.4 1 0
github.com\judwhite\go-sudoku\board_solve.go:70.52,72.6 1 1
github.com\judwhite\go-sudoku\board_solve.go:90.2,90.12 1 1
github.com\judwhite\go-sudoku\board_solve.go:72.6,74.34 2 1
github.com\judwhite\go-sudoku\board_solve.go:88.3,88.8 1 1
github.com\judwhite\go-sudoku\board_solve.go:74.34,75.39 1 1
github.com\judwhite\go-sudoku\board_solve.go:78.4,78.20 1 1
github.com\judwhite\go-sudoku\board_solve.go:82.4,82.17 1 1
github.com\judwhite\go-sudoku\board_solve.go:75.39,77.5 1 0
github.com\judwhite\go-sudoku\board_solve.go:78.20,81.5 2 1
github.com\judwhite\go-sudoku\board_solve.go:82.17,84.22 2 1
github.com\judwhite\go-sudoku\board_solve.go:93.70,95.43 2 0
github.com\judwhite\go-sudoku\board_solve.go:103.2,103.13 1 0
github.com\judwhite\go-sudoku\board_solve.go:95.43,96.52 1 0
github.com\judwhite\go-sudoku\board_solve.go:96.52,97.25 1 0
github.com\judwhite\go-sudoku\board_solve.go:97.25,100.5 2 0
github.com\judwhite\go-sudoku\board_solve.go:106.60,109.2 2 1
github.com\judwhite\go-sudoku\board_solve.go:111.56,113.57 2 1
github.com\judwhite\go-sudoku\board_solve.go:120.2,120.79 1 1
github.com\judwhite\go-sudoku\board_solve.go:124.2,125.12 2 1
github.com\judwhite\go-sudoku\board_solve.go:113.57,114.65 1 1
github.com\judwhite\go-sudoku\board_solve.go:117.3,117.13 1 1
github.com\judwhite\go-sudoku\board_solve.go:114.65,116.4 1 0
github.com\judwhite\go-sudoku\board_solve.go:120.79,122.3 1 0
github.com\judwhite\go-sudoku\board_solve.go:128.92,132.57 3 1
github.com\judwhite\go-sudoku\board_solve.go:145.2,147.79 2 1
github.com\judwhite\go-sudoku\board_solve.go:151.2,151.12 1 1
github.com\judwhite\go-sudoku\board_solve.go:132.57,134.19 2 1
github.com\judwhite\go-sudoku\board_solve.go:138.3,138.22 1 1
github.com\judwhite\go-sudoku\board_solve.go:141.3,141.13 1 1
github.com\judwhite\go-sudoku\board_solve.go:134.19,136.4 1 0
github.com\judwhite\go-sudoku\board_solve.go:138.22,140.4 1 1
github.com\judwhite\go-sudoku\board_solve.go:147.79,149.3 1 0
github.com\judwhite\go-sudoku\board_solve.go:154.95,155.64 1 1
github.com\judwhite\go-sudoku\board_solve.go:158.2,161.37 3 1
github.com\judwhite\go-sudoku\board_solve.go:165.2,165.62 1 1
github.com\judwhite\go-sudoku\board_solve.go:169.2,169.12 1 1
github.com\judwhite\go-sudoku\board_solve.go:155.64,157.3 1 0
github.com\judwhite\go-sudoku\board_solve.go:161.37,163.3 1 0
github.com\judwhite\go-sudoku\board_solve.go:165.62,167.3 1 0
github.com\judwhite\go-sudoku\board_solve.go:172.77,173.27 1 1
github.com\judwhite\go-sudoku\board_solve.go:176.2,178.24 3 1
github.com\judwhite\go-sudoku\board_solve.go:192.2,192.17 1 1
github.com\judwhite\go-sudoku\board_solve.go:173.27,175.3 1 1
github.com\judwhite\go-sudoku\board_solve.go:178.24,181.19 2 1
github.com\judwhite\go-sudoku\board_solve.go:187.3,190.33 3 1
github.com\judwhite\go-sudoku\board_solve.go:181.19,185.4 2 0
github.com\judwhite\go-sudoku\board_solve.go:195.50,197.2 1 1
github.com\judwhite\go-sudoku\board_solve_pointing_pair_triple_redux.go:7.61,14.26 2 1
github.com\judwhite\go-sudoku\board_solve_pointing_pair_triple_redux.go:106.2,106.12 1 1
github.com\judwhite\go-sudoku\board_solve_pointing_pair_triple_redux.go:14.26,15.23 1 1
github.com\judwhite\go-sudoku\board_solve_pointing_pair_triple_redux.go:19.3,29.28 3 1
github.com\judwhite\go-sudoku\board_solve_pointing_pair_triple_redux.go:15.23,16.12 1 1
github.com\judwhite\go-sudoku\board_solve_pointing_pair_triple_redux.go:29.28,32.54 3 1
github.com\judwhite\go-sudoku\board_solve_pointing_pair_triple_redux.go:48.4,50.56 2 1
github.com\judwhite\go-sudoku\board_solve_pointing_pair_triple_redux.go:54.4,55.36 2 1
github.com\judwhite\go-sudoku\board_solve_pointing_pair_triple_redux.go:59.4,59.28 1 1
github.com\judwhite\go-sudoku\board_solve_pointing_pair_triple_redux.go:32.54,33.50 1 1
github.com\judwhite\go-sudoku\board_solve_pointing_pair_triple_redux.go:37.5,40.51 2 1
github.com\judwhite\go-sudoku\board_solve_pointing_pair_triple_redux.go:45.5,45.15 1 1
github.com\judwhite\go-sudoku\board_solve_pointing_pair_triple_redux.go:33.50,35.6 1 1
github.com\judwhite\go-sudoku\board_solve_pointing_pair_triple_redux.go:40.51,42.6 1 1
github.com\judwhite\go-sudoku\board_solve_pointing_pair_triple_redux.go:42.6,44.6 1 1
github.com\judwhite\go-sudoku\board_solve_pointing_pair_triple_redux.go:50.56,52.5 1 0
github.com\judwhite\go-sudoku\board_solve_pointing_pair_triple_redux.go:55.36,57.5 1 1
github.com\judwhite\go-sudoku\board_solve_pointing_pair_triple_redux.go:59.28,62.32 3 1
github.com\judwhite\go-sudoku\board_solve_pointing_pair_triple_redux.go:62.32,63.32 1 1
github.com\judwhite\go-sudoku\board_solve_pointing_pair_triple_redux.go:67.6,69.33 3 1
github.com\judwhite\go-sudoku\board_solve_pointing_pair_triple_redux.go:73.6,73.56 1 1
github.com\judwhite\go-sudoku\board_solve_pointing_pair_triple_redux.go:99.6,99.50 1 1
github.com\judwhite\go-sudoku\board_solve_pointing_pair_triple_redux.go:63.32,65.7 1 1
github.com\judwhite\go-sudoku\board_solve_pointing_pair_triple_redux.go:69.33,70.15 1 1
github.com\judwhite\go-sudoku\board_solve_pointing_pair_triple_redux.go:73.56,74.32 1 1
github.com\judwhite\go-sudoku\board_solve_pointing_pair_triple_redux.go:77.7,78.39 2 1
github.com\judwhite\go-sudoku\board_solve_pointing_pair_triple_redux.go:82.7,83.76 2 1
github.com\judwhite\go-sudoku\board_solve_pointing_pair_triple_redux.go:87.7,87.26 1 1
github.com\judwhite\go-sudoku\board_solve_pointing_pair_triple_redux.go:96.7,96.17 1 1
github.com\judwhite\go-sudoku\board_solve_pointing_pair_triple_redux.go:74.32,76.8 1 1
github.com\judwhite\go-sudoku\board_solve_pointing_pair_triple_redux.go:78.39,80.8 1 1
github.com\judwhite\go-sudoku\board_solve_pointing_pair_triple_redux.go:83.76,85.8 1 0
github.com\judwhite\go-sudoku\board_solve_pointing_pair_triple_redux.go:87.26,89.34 2 1
github.com\judwhite\go-sudoku\board_solve_pointing_pair_triple_redux.go:92.8,93.122 2 1
github.com\judwhite\go-sudoku\board_solve_pointing_pair_triple_redux.go:89.34,91.9 1 1
github.com\judwhite\go-sudoku\board_solve_pointing_pair_triple_redux.go:99.50,101.7 1 0
github.com\judwhite\go-sudoku\math.go:3.40,6.22 3 1
github.com\judwhite\go-sudoku\math.go:16.2,16.13 1 1
github.com\judwhite\go-sudoku\math.go:6.22,7.23 1 1
github.com\judwhite\go-sudoku\math.go:7.23,8.14 1 1
github.com\judwhite\go-sudoku\math.go:8.14,9.31 1 1
github.com\judwhite\go-sudoku\math.go:9.31,12.6 2 1
github.com\judwhite\go-sudoku\math.go:19.36,22.24 3 1
github.com\judwhite\go-sudoku\math.go:28.2,28.24 1 1
github.com\judwhite\go-sudoku\math.go:35.2,35.13 1 1
github.com\judwhite\go-sudoku\math.go:22.24,23.31 1 1
github.com\judwhite\go-sudoku\math.go:23.31,26.4 2 1
github.com\judwhite\go-sudoku\math.go:28.24,29.31 1 1
github.com\judwhite\go-sudoku\math.go:29.31,32.4 2 1
github.com\judwhite\go-sudoku\math.go:38.39,40.24 2 1
github.com\judwhite\go-sudoku\math.go:44.2,45.24 2 1
github.com\judwhite\go-sudoku\math.go:51.2,51.13 1 1
github.com\judwhite\go-sudoku\math.go:40.24,42.3 1 1
github.com\judwhite\go-sudoku\math.go:45.24,46.31 1 1
github.com\judwhite\go-sudoku\math.go:46.31,48.4 1 1
github.com\judwhite\go-sudoku\math.go:54.68,57.37 2 1
github.com\judwhite\go-sudoku\math.go:76.2,76.15 1 1
github.com\judwhite\go-sudoku\math.go:57.37,62.21 4 1
github.com\judwhite\go-sudoku\math.go:62.21,65.4 1 1
github.com\judwhite\go-sudoku\math.go:65.4,68.20 2 1
github.com\judwhite\go-sudoku\math.go:68.20,69.29 1 1
github.com\judwhite\go-sudoku\math.go:69.29,71.6 1 1
github.com\judwhite\go-sudoku\math.go:79.21,80.9 1 1
github.com\judwhite\go-sudoku\math.go:86.2,86.10 1 1
github.com\judwhite\go-sudoku\math.go:81.2,82.12 1 1
github.com\judwhite\go-sudoku\math.go:83.2,84.11 1 1
github.com\judwhite\go-sudoku\bits.go:8.34,9.14 1 1
github.com\judwhite\go-sudoku\bits.go:12.2,12.25 1 1
github.com\judwhite\go-sudoku\bits.go:9.14,11.3 1 1
github.com\judwhite\go-sudoku\bits.go:16.40,18.35 2 1
github.com\judwhite\go-sudoku\bits.go:21.2,21.14 1 1
github.com\judwhite\go-sudoku\bits.go:18.35,20.3 1 1
github.com\judwhite\go-sudoku\bits.go:31.39,33.25 2 1
github.com\judwhite\go-sudoku\bits.go:39.2,39.10 1 1
github.com\judwhite\go-sudoku\bits.go:33.25,34.15 1 1
github.com\judwhite\go-sudoku\bits.go:37.3,37.12 1 1
github.com\judwhite\go-sudoku\bits.go:34.15,35.9 1 1
github.com\judwhite\go-sudoku\bits.go:44.37,46.26 2 1
github.com\judwhite\go-sudoku\bits.go:55.2,55.12 1 1
github.com\judwhite\go-sudoku\bits.go:46.26,47.20 1 1
github.com\judwhite\go-sudoku\bits.go:53.3,53.12 1 1
github.com\judwhite\go-sudoku\bits.go:47.20,48.17 1 1
github.com\judwhite\go-sudoku\bits.go:51.4,51.26 1 1
github.com\judwhite\go-sudoku\bits.go:48.17,50.5 1 1
github.com\judwhite\go-sudoku\bits.go:62.34,64.32 2 1
github.com\judwhite\go-sudoku\bits.go:70.2,70.13 1 1
github.com\judwhite\go-sudoku\bits.go:64.32,65.20 1 1
github.com\judwhite\go-sudoku\bits.go:68.3,68.12 1 1
github.com\judwhite\go-sudoku\bits.go:65.20,67.4 1 1
github.com\judwhite\go-sudoku\board_log.go:16.91,17.18 1 1
github.com\judwhite\go-sudoku\board_log.go:22.2,25.25 4 0
github.com\judwhite\go-sudoku\board_log.go:37.2,37.14 1 0
github.com\judwhite\go-sudoku\board_log.go:44.2,45.29 2 0
github.com\judwhite\go-sudoku\board_log.go:56.2,56.37 1 0
github.com\judwhite\go-sudoku\board_log.go:65.2,65.51 1 0
github.com\judwhite\go-sudoku\board_log.go:17.18,19.3 1 1
github.com\judwhite\go-sudoku\board_log.go:25.25,26.32 1 0
github.com\judwhite\go-sudoku\board_log.go:26.32,30.4 3 0
github.com\judwhite\go-sudoku\board_log.go:30.4,30.42 1 0
github.com\judwhite\go-sudoku\board_log.go:30.42,32.4 1 0
github.com\judwhite\go-sudoku\board_log.go:32.4,34.4 1 0
github.com\judwhite\go-sudoku\board_log.go:37.14,38.34 1 0
github.com\judwhite\go-sudoku\board_log.go:41.3,41.19 1 0
github.com\judwhite\go-sudoku\board_log.go:38.34,40.4 1 0
github.com\judwhite\go-sudoku\board_log.go:45.29,46.34 1 0
github.com\judwhite\go-sudoku\board_log.go:52.3,54.34 3 0
github.com\judwhite\go-sudoku\board_log.go:46.34,47.31 1 0
github.com\judwhite\go-sudoku\board_log.go:47.31,50.5 2 0
github.com\judwhite\go-sudoku\board_log.go:56.37,64.3 3 0
github.com\judwhite\go-sudoku\board_solve_naked_single.go:7.42,12.13 3 1
github.com\judwhite\go-sudoku\board_solve_naked_single.go:37.2,37.12 1 1
github.com\judwhite\go-sudoku\board_solve_naked_single.go:12.13,14.27 2 1
github.com\judwhite\go-sudoku\board_solve_naked_single.go:14.27,15.24 1 1
github.com\judwhite\go-sudoku\board_solve_naked_single.go:19.4,20.27 2 1
github.com\judwhite\go-sudoku\board_solve_naked_single.go:24.4,30.79 4 1
github.com\judwhite\go-sudoku\board_solve_naked_single.go:33.4,33.17 1 1
github.com\judwhite\go-sudoku\board_solve_naked_single.go:15.24,16.13 1 1
github.com\judwhite\go-sudoku\board_solve_naked_single.go:20.27,21.13 1 1
github.com\judwhite\go-sudoku\board_solve_naked_single.go:30.79,32.5 1 0
github.com\judwhite\go-sudoku\board_solve_simple_coloring.go:8.45,14.32 3 1
github.com\judwhite\go-sudoku\board_solve_simple_coloring.go:177.2,177.12 1 1
github.com\judwhite\go-sudoku\board_solve_simple_coloring.go:14.32,20.26 3 1
github.com\judwhite\go-sudoku\board_solve_simple_coloring.go:100.3,100.27 1 1
github.com\judwhite\go-sudoku\board_solve_simple_coloring.go:20.26,21.27 1 1
github.com\judwhite\go-sudoku\board_solve_simple_coloring.go:21.27,23.27 2 1
github.com\judwhite\go-sudoku\board_solve_simple_coloring.go:26.5,26.31 1 1
github.com\judwhite\go-sudoku\board_solve_simple_coloring.go:30.5,31.57 2 1
github.com\judwhite\go-sudoku\board_solve_simple_coloring.go:46.5,49.61 2 1
github.com\judwhite\go-sudoku\board_solve_simple_coloring.go:52.5,52.24 1 1
github.com\judwhite\go-sudoku\board_solve_simple_coloring.go:59.5,60.64 2 1
github.com\judwhite\go-sudoku\board_solve_simple_coloring.go:63.5,63.24 1 1
github.com\judwhite\go-sudoku\board_solve_simple_coloring.go:70.5,71.61 2 1
github.com\judwhite\go-sudoku\board_solve_simple_coloring.go:74.5,74.24 1 1
github.com\judwhite\go-sudoku\board_solve_simple_coloring.go:87.5,87.27 1 1
github.com\judwhite\go-sudoku\board_solve_simple_coloring.go:23.27,24.14 1 1
github.com\judwhite\go-sudoku\board_solve_simple_coloring.go:26.31,27.14 1 1
github.com\judwhite\go-sudoku\board_solve_simple_coloring.go:31.57,32.26 1 1
github.com\judwhite\go-sudoku\board_solve_simple_coloring.go:35.6,35.31 1 1
github.com\judwhite\go-sudoku\board_solve_simple_coloring.go:38.6,38.38 1 1
github.com\judwhite\go-sudoku\board_solve_simple_coloring.go:42.6,43.16 2 1
github.com\judwhite\go-sudoku\board_solve_simple_coloring.go:32.26,34.7 1 1
github.com\judwhite\go-sudoku\board_solve_simple_coloring.go:35.31,37.7 1 1
github.com\judwhite\go-sudoku\board_solve_simple_coloring.go:38.38,40.7 1 1
github.com\judwhite\go-sudoku\board_solve_simple_coloring.go:49.61,51.6 1 0
github.com\judwhite\go-sudoku\board_solve_simple_coloring.go:52.24,53.33 1 1
github.com\judwhite\go-sudoku\board_solve_simple_coloring.go:53.33,55.7 1 1
github.com\judwhite\go-sudoku\board_solve_simple_coloring.go:60.64,62.6 1 0
github.com\judwhite\go-sudoku\board_solve_simple_coloring.go:63.24,64.33 1 1
github.com\judwhite\go-sudoku\board_solve_simple_coloring.go:64.33,66.7 1 1
github.com\judwhite\go-sudoku\board_solve_simple_coloring.go:71.61,73.6 1 0
github.com\judwhite\go-sudoku\board_solve_simple_coloring.go:74.24,75.33 1 1
github.com\judwhite\go-sudoku\board_solve_simple_coloring.go:75.33,77.7 1 1
github.com\judwhite\go-sudoku\board_solve_simple_coloring.go:78.6,78.30 1 1
github.com\judwhite\go-sudoku\board_solve_simple_coloring.go:78.30,80.33 1 1
github.com\judwhite\go-sudoku\board_solve_simple_coloring.go:80.33,81.38 1 1
github.com\judwhite\go-sudoku\board_solve_simple_coloring.go:81.38,83.8 1 0
github.com\judwhite\go-sudoku\board_solve_simple_coloring.go:87.27,89.30 2 1
github.com\judwhite\go-sudoku\board_solve_simple_coloring.go:92.6,93.28 2 1
github.com\judwhite\go-sudoku\board_solve_simple_coloring.go:89.30,91.7 1 1
github.com\judwhite\go-sudoku\board_solve_simple_coloring.go:100.27,103.32 3 1
github.com\judwhite\go-sudoku\board_solve_simple_coloring.go:129.4,131.35 3 1
github.com\judwhite\go-sudoku\board_solve_simple_coloring.go:140.4,140.34 1 1
github.com\judwhite\go-sudoku\board_solve_simple_coloring.go:144.4,144.32 1 1
github.com\judwhite\go-sudoku\board_solve_simple_coloring.go:103.32,105.12 2 1
github.com\judwhite\go-sudoku\board_solve_simple_coloring.go:112.5,116.28 3 1
github.com\judwhite\go-sudoku\board_solve_simple_coloring.go:105.12,106.16 1 1
github.com\judwhite\go-sudoku\board_solve_simple_coloring.go:109.6,110.25 2 1
github.com\judwhite\go-sudoku\board_solve_simple_coloring.go:106.16,107.15 1 1
github.com\judwhite\go-sudoku\board_solve_simple_coloring.go:116.28,118.16 2 1
github.com\judwhite\go-sudoku\board_solve_simple_coloring.go:118.16,119.36 1 1
github.com\judwhite\go-sudoku\board_solve_simple_coloring.go:119.36,121.26 1 0
github.com\judwhite\go-sudoku\board_solve_simple_coloring.go:123.7,125.7 1 1
github.com\judwhite\go-sudoku\board_solve_simple_coloring.go:131.35,133.19 2 1
github.com\judwhite\go-sudoku\board_solve_simple_coloring.go:133.19,135.6 1 1
github.com\judwhite\go-sudoku\board_solve_simple_coloring.go:135.6,137.6 1 1
github.com\judwhite\go-sudoku\board_solve_simple_coloring.go:140.34,141.13 1 1
github.com\judwhite\go-sudoku\board_solve_simple_coloring.go:144.32,145.33 1 1
github.com\judwhite\go-sudoku\board_solve_simple_coloring.go:145.33,153.23 6 1
github.com\judwhite\go-sudoku\board_solve_simple_coloring.go:153.23,154.33 1 1
github.com\judwhite\go-sudoku\board_solve_simple_coloring.go:171.7,171.17 1 1
github.com\judwhite\go-sudoku\board_solve_simple_coloring.go:154.33,156.71 2 1
github.com\judwhite\go-sudoku\board_solve_simple_coloring.go:160.8,160.27 1 1
github.com\judwhite\go-sudoku\board_solve_simple_coloring.go:156.71,158.9 1 0
github.com\judwhite\go-sudoku\board_solve_simple_coloring.go:160.27,162.33 2 1
github.com\judwhite\go-sudoku\board_solve_simple_coloring.go:165.9,168.125 4 1
github.com\judwhite\go-sudoku\board_solve_simple_coloring.go:162.33,164.10 1 1
github.com\judwhite\go-sudoku\board_solve_xwing.go:7.36,17.26 2 1
github.com\judwhite\go-sudoku\board_solve_xwing.go:156.2,156.12 1 1
github.com\judwhite\go-sudoku\board_solve_xwing.go:17.26,18.23 1 1
github.com\judwhite\go-sudoku\board_solve_xwing.go:22.3,34.48 2 1
github.com\judwhite\go-sudoku\board_solve_xwing.go:43.3,44.28 2 1
github.com\judwhite\go-sudoku\board_solve_xwing.go:18.23,19.12 1 1
github.com\judwhite\go-sudoku\board_solve_xwing.go:34.48,34.75 1 1
github.com\judwhite\go-sudoku\board_solve_xwing.go:39.48,39.75 1 1
github.com\judwhite\go-sudoku\board_solve_xwing.go:44.28,45.32 1 1
github.com\judwhite\go-sudoku\board_solve_xwing.go:45.32,48.72 1 1
github.com\judwhite\go-sudoku\board_solve_xwing.go:60.5,64.55 3 1
github.com\judwhite\go-sudoku\board_solve_xwing.go:69.5,69.24 1 1
github.com\judwhite\go-sudoku\board_solve_xwing.go:73.5,77.58 3 1
github.com\judwhite\go-sudoku\board_solve_xwing.go:82.5,83.70 2 1
github.com\judwhite\go-sudoku\board_solve_xwing.go:89.5,89.36 1 1
github.com\judwhite\go-sudoku\board_solve_xwing.go:48.72,49.48 1 1
github.com\judwhite\go-sudoku\board_solve_xwing.go:49.48,50.27 1 1
github.com\judwhite\go-sudoku\board_solve_xwing.go:53.7,53.37 1 1
github.com\judwhite\go-sudoku\board_solve_xwing.go:56.7,56.17 1 1
github.com\judwhite\go-sudoku\board_solve_xwing.go:50.27,52.8 1 1
github.com\judwhite\go-sudoku\board_solve_xwing.go:53.37,55.8 1 1
github.com\judwhite\go-sudoku\board_solve_xwing.go:64.55,66.6 1 0
github.com\judwhite\go-sudoku\board_solve_xwing.go:69.24,70.14 1 1
github.com\judwhite\go-sudoku\board_solve_xwing.go:77.58,79.6 1 0
github.com\judwhite\go-sudoku\board_solve_xwing.go:83.70,85.6 1 0
github.com\judwhite\go-sudoku\board_solve_xwing.go:89.36,94.62 3 1
github.com\judwhite\go-sudoku\board_solve_xwing.go:98.6,98.26 1 1
github.com\judwhite\go-sudoku\board_solve_xwing.go:102.6,103.37 2 1
github.com\judwhite\go-sudoku\board_solve_xwing.go:110.6,110.29 1 1
github.com\judwhite\go-sudoku\board_solve_xwing.go:114.6,114.39 1 1
github.com\judwhite\go-sudoku\board_solve_xwing.go:94.62,96.7 1 0
github.com\judwhite\go-sudoku\board_solve_xwing.go:98.26,99.15 1 1
github.com\judwhite\go-sudoku\board_solve_xwing.go:103.37,105.32 2 1
github.com\judwhite\go-sudoku\board_solve_xwing.go:105.32,107.8 1 1
github.com\judwhite\go-sudoku\board_solve_xwing.go:110.29,111.15 1 1
github.com\judwhite\go-sudoku\board_solve_xwing.go:114.39,117.57 2 1
github.com\judwhite\go-sudoku\board_solve_xwing.go:141.7,141.51 1 1
github.com\judwhite\go-sudoku\board_solve_xwing.go:147.7,147.20 1 1
github.com\judwhite\go-sudoku\board_solve_xwing.go:117.57,118.39 1 1
github.com\judwhite\go-sudoku\board_solve_xwing.go:124.8,125.72 2 1
github.com\judwhite\go-sudoku\board_solve_xwing.go:129.8,129.27 1 1
github.com\judwhite\go-sudoku\board_solve_xwing.go:138.8,138.18 1 1
github.com\judwhite\go-sudoku\board_solve_xwing.go:118.39,119.26 1 1
github.com\judwhite\go-sudoku\board_solve_xwing.go:119.26,121.10 1 1
github.com\judwhite\go-sudoku\board_solve_xwing.go:125.72,127.9 1 0
github.com\judwhite\go-sudoku\board_solve_xwing.go:129.27,131.40 2 1
github.com\judwhite\go-sudoku\board_solve_xwing.go:134.9,135.97 2 1
github.com\judwhite\go-sudoku\board_solve_xwing.go:131.40,133.10 1 1
github.com\judwhite\go-sudoku\board_solve_xwing.go:141.51,142.55 1 1
github.com\judwhite\go-sudoku\board_solve_xwing.go:142.55,144.9 1 0
github.com\judwhite\go-sudoku\board_solve_xwing.go:147.20,150.8 1 1
github.com\judwhite\go-sudoku\board_solve_boxline.go:3.38,11.26 3 1
github.com\judwhite\go-sudoku\board_solve_boxline.go:124.2,124.12 1 1
github.com\judwhite\go-sudoku\board_solve_boxline.go:11.26,12.23 1 1
github.com\judwhite\go-sudoku\board_solve_boxline.go:16.3,22.55 5 1
github.com\judwhite\go-sudoku\board_solve_boxline.go:40.3,40.58 1 1
github.com\judwhite\go-sudoku\board_solve_boxline.go:44.3,54.38 1 1
github.com\judwhite\go-sudoku\board_solve_boxline.go:66.3,66.28 1 1
github.com\judwhite\go-sudoku\board_solve_boxline.go:12.23,13.12 1 1
github.com\judwhite\go-sudoku\board_solve_boxline.go:22.55,23.49 1 1
github.com\judwhite\go-sudoku\board_solve_boxline.go:26.4,26.33 1 1
github.com\judwhite\go-sudoku\board_solve_boxline.go:31.4,32.38 2 1
github.com\judwhite\go-sudoku\board_solve_boxline.go:37.4,37.14 1 1
github.com\judwhite\go-sudoku\board_solve_boxline.go:23.49,25.5 1 1
github.com\judwhite\go-sudoku\board_solve_boxline.go:26.33,29.5 1 1
github.com\judwhite\go-sudoku\board_solve_boxline.go:32.38,34.5 1 1
github.com\judwhite\go-sudoku\board_solve_boxline.go:34.5,34.45 1 1
github.com\judwhite\go-sudoku\board_solve_boxline.go:34.45,36.5 1 1
github.com\judwhite\go-sudoku\board_solve_boxline.go:40.58,42.4 1 0
github.com\judwhite\go-sudoku\board_solve_boxline.go:54.38,54.84 1 1
github.com\judwhite\go-sudoku\board_solve_boxline.go:61.38,61.84 1 1
github.com\judwhite\go-sudoku\board_solve_boxline.go:66.28,68.31 2 1
github.com\judwhite\go-sudoku\board_solve_boxline.go:68.31,69.31 1 1
github.com\judwhite\go-sudoku\board_solve_boxline.go:69.31,73.36 3 1
github.com\judwhite\go-sudoku\board_solve_boxline.go:73.36,75.55 2 1
github.com\judwhite\go-sudoku\board_solve_boxline.go:89.7,89.50 1 1
github.com\judwhite\go-sudoku\board_solve_boxline.go:93.7,93.23 1 1
github.com\judwhite\go-sudoku\board_solve_boxline.go:75.55,76.28 1 1
github.com\judwhite\go-sudoku\board_solve_boxline.go:79.8,79.47 1 1
github.com\judwhite\go-sudoku\board_solve_boxline.go:83.8,83.37 1 1
github.com\judwhite\go-sudoku\board_solve_boxline.go:86.8,86.18 1 1
github.com\judwhite\go-sudoku\board_solve_boxline.go:76.28,78.9 1 1
github.com\judwhite\go-sudoku\board_solve_boxline.go:79.47,81.9 1 1
github.com\judwhite\go-sudoku\board_solve_boxline.go:83.37,85.9 1 1
github.com\judwhite\go-sudoku\board_solve_boxline.go:89.50,91.8 1 0
github.com\judwhite\go-sudoku\board_solve_boxline.go:93.23,94.64 1 1
github.com\judwhite\go-sudoku\board_solve_boxline.go:110.8,110.67 1 1
github.com\judwhite\go-sudoku\board_solve_boxline.go:114.8,114.21 1 1
github.com\judwhite\go-sudoku\board_solve_boxline.go:94.64,95.35 1 1
github.com\judwhite\go-sudoku\board_solve_boxline.go:99.9,100.23 2 1
github.com\judwhite\go-sudoku\board_solve_boxline.go:104.9,104.28 1 1
github.com\judwhite\go-sudoku\board_solve_boxline.go:107.9,107.19 1 1
github.com\judwhite\go-sudoku\board_solve_boxline.go:95.35,97.10 1 1
github.com\judwhite\go-sudoku\board_solve_boxline.go:100.23,102.10 1 0
github.com\judwhite\go-sudoku\board_solve_boxline.go:104.28,106.10 1 1
github.com\judwhite\go-sudoku\board_solve_boxline.go:110.67,112.9 1 0
github.com\judwhite\go-sudoku\board_solve_boxline.go:114.21,117.9 1 1
github.com\judwhite\go-sudoku\board_solve_empty_rects.go:12.13,28.2 1 1
github.com\judwhite\go-sudoku\board_solve_empty_rects.go:30.82,31.42 1 1
github.com\judwhite\go-sudoku\board_solve_empty_rects.go:41.2,42.66 2 1
github.com\judwhite\go-sudoku\board_solve_empty_rects.go:45.2,45.69 1 1
github.com\judwhite\go-sudoku\board_solve_empty_rects.go:49.2,50.66 2 1
github.com\judwhite\go-sudoku\board_solve_empty_rects.go:53.2,53.69 1 1
github.com\judwhite\go-sudoku\board_solve_empty_rects.go:57.2,58.28 2 1
github.com\judwhite\go-sudoku\board_solve_empty_rects.go:61.2,61.29 1 1
github.com\judwhite\go-sudoku\board_solve_empty_rects.go:31.42,32.45 1 1
github.com\judwhite\go-sudoku\board_solve_empty_rects.go:32.45,33.48 1 1
github.com\judwhite\go-sudoku\board_solve_empty_rects.go:36.4,37.14 2 1
github.com\judwhite\go-sudoku\board_solve_empty_rects.go:33.48,35.5 1 1
github.com\judwhite\go-sudoku\board_solve_empty_rects.go:42.66,44.3 1 0
github.com\judwhite\go-sudoku\board_solve_empty_rects.go:45.69,47.3 1 0
github.com\judwhite\go-sudoku\board_solve_empty_rects.go:50.66,52.3 1 0
github.com\judwhite\go-sudoku\board_solve_empty_rects.go:53.69,55.3 1 0
github.com\judwhite\go-sudoku\board_solve_empty_rects.go:58.28,60.3 1 0
github.com\judwhite\go-sudoku\board_solve_empty_rects.go:64.46,73.29 5 1
github.com\judwhite\go-sudoku\board_solve_empty_rects.go:266.2,266.12 1 1
github.com\judwhite\go-sudoku\board_solve_empty_rects.go:73.29,76.16 2 1
github.com\judwhite\go-sudoku\board_solve_empty_rects.go:81.3,81.24 1 1
github.com\judwhite\go-sudoku\board_solve_empty_rects.go:84.3,87.53 3 1
github.com\judwhite\go-sudoku\board_solve_empty_rects.go:92.3,94.55 2 1
github.com\judwhite\go-sudoku\board_solve_empty_rects.go:100.3,101.34 2 1
github.com\judwhite\go-sudoku\board_solve_empty_rects.go:109.3,109.21 1 1
github.com\judwhite\go-sudoku\board_solve_empty_rects.go:116.3,116.35 1 1
github.com\judwhite\go-sudoku\board_solve_empty_rects.go:76.16,79.4 1 1
github.com\judwhite\go-sudoku\board_solve_empty_rects.go:81.24,82.12 1 1
github.com\judwhite\go-sudoku\board_solve_empty_rects.go:87.53,90.4 2 1
github.com\judwhite\go-sudoku\board_solve_empty_rects.go:94.55,96.4 1 0
github.com\judwhite\go-sudoku\board_solve_empty_rects.go:101.34,102.31 1 1
github.com\judwhite\go-sudoku\board_solve_empty_rects.go:102.31,104.24 2 1
github.com\judwhite\go-sudoku\board_solve_empty_rects.go:104.24,105.11 1 1
github.com\judwhite\go-sudoku\board_solve_empty_rects.go:109.21,110.12 1 1
github.com\judwhite\go-sudoku\board_solve_empty_rects.go:116.35,118.50 2 1
github.com\judwhite\go-sudoku\board_solve_empty_rects.go:122.4,123.25 2 1
github.com\judwhite\go-sudoku\board_solve_empty_rects.go:131.4,134.35 3 1
github.com\judwhite\go-sudoku\board_solve_empty_rects.go:153.4,153.24 1 1
github.com\judwhite\go-sudoku\board_solve_empty_rects.go:163.4,163.49 1 1
github.com\judwhite\go-sudoku\board_solve_empty_rects.go:118.50,120.5 1 1
github.com\judwhite\go-sudoku\board_solve_empty_rects.go:123.25,124.13 1 1
github.com\judwhite\go-sudoku\board_solve_empty_rects.go:134.35,136.43 1 1
github.com\judwhite\go-sudoku\board_solve_empty_rects.go:139.5,139.51 1 1
github.com\judwhite\go-sudoku\board_solve_empty_rects.go:145.5,148.25 3 1
github.com\judwhite\go-sudoku\board_solve_empty_rects.go:136.43,137.14 1 1
github.com\judwhite\go-sudoku\board_solve_empty_rects.go:139.51,140.34 1 1
github.com\judwhite\go-sudoku\board_solve_empty_rects.go:140.34,141.23 1 1
github.com\judwhite\go-sudoku\board_solve_empty_rects.go:148.25,149.11 1 1
github.com\judwhite\go-sudoku\board_solve_empty_rects.go:153.24,154.13 1 1
github.com\judwhite\go-sudoku\board_solve_empty_rects.go:163.49,165.59 1 1
github.com\judwhite\go-sudoku\board_solve_empty_rects.go:177.5,178.88 2 1
github.com\judwhite\go-sudoku\board_solve_empty_rects.go:182.5,183.91 2 1
github.com\judwhite\go-sudoku\board_solve_empty_rects.go:188.5,188.65 1 1
github.com\judwhite\go-sudoku\board_solve_empty_rects.go:200.5,201.38 2 1
github.com\judwhite\go-sudoku\board_solve_empty_rects.go:232.5,232.38 1 1
github.com\judwhite\go-sudoku\board_solve_empty_rects.go:165.59,166.48 1 1
github.com\judwhite\go-sudoku\board_solve_empty_rects.go:166.48,167.42 1 1
github.com\judwhite\go-sudoku\board_solve_empty_rects.go:170.7,170.36 1 1
github.com\judwhite\go-sudoku\board_solve_empty_rects.go:173.7,173.17 1 1
github.com\judwhite\go-sudoku\board_solve_empty_rects.go:167.42,169.8 1 1
github.com\judwhite\go-sudoku\board_solve_empty_rects.go:170.36,172.8 1 1
github.com\judwhite\go-sudoku\board_solve_empty_rects.go:178.88,180.6 1 0
github.com\judwhite\go-sudoku\board_solve_empty_rects.go:183.91,185.6 1 0
github.com\judwhite\go-sudoku\board_solve_empty_rects.go:188.65,189.48 1 1
github.com\judwhite\go-sudoku\board_solve_empty_rects.go:189.48,190.27 1 1
github.com\judwhite\go-sudoku\board_solve_empty_rects.go:193.7,193.36 1 1
github.com\judwhite\go-sudoku\board_solve_empty_rects.go:196.7,196.17 1 1
github.com\judwhite\go-sudoku\board_solve_empty_rects.go:190.27,192.8 1 1
github.com\judwhite\go-sudoku\board_solve_empty_rects.go:193.36,195.8 1 1
github.com\judwhite\go-sudoku\board_solve_empty_rects.go:201.38,203.80 2 1
github.com\judwhite\go-sudoku\board_solve_empty_rects.go:207.6,207.25 1 1
github.com\judwhite\go-sudoku\board_solve_empty_rects.go:203.80,205.7 1 0
github.com\judwhite\go-sudoku\board_solve_empty_rects.go:207.25,209.21 2 1
github.com\judwhite\go-sudoku\board_solve_empty_rects.go:214.7,214.42 1 1
github.com\judwhite\go-sudoku\board_solve_empty_rects.go:209.21,211.8 1 0
github.com\judwhite\go-sudoku\board_solve_empty_rects.go:214.42,215.73 1 1
github.com\judwhite\go-sudoku\board_solve_empty_rects.go:219.8,219.27 1 1
github.com\judwhite\go-sudoku\board_solve_empty_rects.go:215.73,217.9 1 0
github.com\judwhite\go-sudoku\board_solve_empty_rects.go:219.27,227.9 7 1
github.com\judwhite\go-sudoku\board_solve_empty_rects.go:232.38,234.77 2 1
github.com\judwhite\go-sudoku\board_solve_empty_rects.go:238.6,238.25 1 1
github.com\judwhite\go-sudoku\board_solve_empty_rects.go:234.77,236.7 1 0
github.com\judwhite\go-sudoku\board_solve_empty_rects.go:238.25,240.21 2 1
github.com\judwhite\go-sudoku\board_solve_empty_rects.go:245.7,245.42 1 1
github.com\judwhite\go-sudoku\board_solve_empty_rects.go:240.21,242.8 1 0
github.com\judwhite\go-sudoku\board_solve_empty_rects.go:245.42,246.73 1 1
github.com\judwhite\go-sudoku\board_solve_empty_rects.go:250.8,250.27 1 1
github.com\judwhite\go-sudoku\board_solve_empty_rects.go:246.73,248.9 1 0
github.com\judwhite\go-sudoku\board_solve_empty_rects.go:250.27,258.9 7 1
