mode: set
github.com/husobee/sudoku/puzzle.go:14.31,16.2 1 1
github.com/husobee/sudoku/puzzle.go:25.41,26.24 1 1
github.com/husobee/sudoku/puzzle.go:26.24,28.24 2 1
github.com/husobee/sudoku/puzzle.go:39.3,40.21 2 1
github.com/husobee/sudoku/puzzle.go:28.24,29.14 1 1
github.com/husobee/sudoku/puzzle.go:32.4,32.15 1 1
github.com/husobee/sudoku/puzzle.go:36.4,36.32 1 1
github.com/husobee/sudoku/puzzle.go:29.14,31.5 1 1
github.com/husobee/sudoku/puzzle.go:32.15,34.13 2 1
github.com/husobee/sudoku/puzzle.go:45.52,54.21 5 1
github.com/husobee/sudoku/puzzle.go:80.2,80.38 1 1
github.com/husobee/sudoku/puzzle.go:85.2,85.18 1 1
github.com/husobee/sudoku/puzzle.go:91.2,91.15 1 1
github.com/husobee/sudoku/puzzle.go:54.21,55.19 1 1
github.com/husobee/sudoku/puzzle.go:61.3,63.38 3 1
github.com/husobee/sudoku/puzzle.go:77.3,77.13 1 1
github.com/husobee/sudoku/puzzle.go:55.19,59.4 1 1
github.com/husobee/sudoku/puzzle.go:63.38,68.30 2 1
github.com/husobee/sudoku/puzzle.go:74.4,75.14 2 1
github.com/husobee/sudoku/puzzle.go:68.30,72.5 1 1
github.com/husobee/sudoku/puzzle.go:80.38,83.3 1 1
github.com/husobee/sudoku/puzzle.go:85.18,89.3 1 1
github.com/husobee/sudoku/puzzle.go:95.48,96.25 1 1
github.com/husobee/sudoku/puzzle.go:101.2,101.13 1 1
github.com/husobee/sudoku/puzzle.go:96.25,97.21 1 1
github.com/husobee/sudoku/puzzle.go:97.21,99.4 1 1
github.com/husobee/sudoku/puzzle.go:105.48,106.25 1 1
github.com/husobee/sudoku/puzzle.go:111.2,111.13 1 1
github.com/husobee/sudoku/puzzle.go:106.25,107.21 1 1
github.com/husobee/sudoku/puzzle.go:107.21,109.4 1 1
github.com/husobee/sudoku/puzzle.go:117.51,120.33 3 1
github.com/husobee/sudoku/puzzle.go:127.2,127.13 1 1
github.com/husobee/sudoku/puzzle.go:120.33,121.34 1 1
github.com/husobee/sudoku/puzzle.go:121.34,122.22 1 1
github.com/husobee/sudoku/puzzle.go:122.22,124.5 1 1
github.com/husobee/sudoku/puzzle.go:132.50,134.2 1 1
github.com/husobee/sudoku/puzzle.go:138.34,139.24 1 1
github.com/husobee/sudoku/puzzle.go:146.2,146.13 1 1
github.com/husobee/sudoku/puzzle.go:139.24,140.24 1 1
github.com/husobee/sudoku/puzzle.go:140.24,141.15 1 1
github.com/husobee/sudoku/puzzle.go:141.15,143.5 1 1
github.com/husobee/sudoku/puzzle.go:150.41,151.69 1 1
github.com/husobee/sudoku/puzzle.go:154.2,156.21 2 1
github.com/husobee/sudoku/puzzle.go:190.2,190.27 1 1
github.com/husobee/sudoku/puzzle.go:151.69,153.3 1 1
github.com/husobee/sudoku/puzzle.go:156.21,158.25 1 1
github.com/husobee/sudoku/puzzle.go:158.25,160.22 1 1
github.com/husobee/sudoku/puzzle.go:160.22,163.23 2 1
github.com/husobee/sudoku/puzzle.go:185.5,185.30 1 1
github.com/husobee/sudoku/puzzle.go:163.23,166.28 1 1
github.com/husobee/sudoku/puzzle.go:166.28,174.39 4 1
github.com/husobee/sudoku/puzzle.go:179.7,179.46 1 1
github.com/husobee/sudoku/puzzle.go:174.39,178.8 2 1
github.com/husobee/sudoku/puzzle.go:179.46,181.8 1 1
github.com/husobee/sudoku/utils.go:19.27,21.2 1 1
github.com/husobee/sudoku/utils.go:24.27,26.2 1 1
github.com/husobee/sudoku/utils.go:29.28,30.44 1 1
github.com/husobee/sudoku/utils.go:33.2,33.13 1 1
github.com/husobee/sudoku/utils.go:30.44,32.3 1 1
github.com/husobee/sudoku/utils.go:37.43,38.25 1 1
github.com/husobee/sudoku/utils.go:41.2,41.29 1 1
github.com/husobee/sudoku/utils.go:38.25,40.3 1 1
github.com/husobee/sudoku/utils.go:45.31,47.2 1 1
github.com/husobee/sudoku/utils.go:51.86,54.32 2 1
github.com/husobee/sudoku/utils.go:78.2,78.8 1 1
github.com/husobee/sudoku/utils.go:54.32,55.38 1 1
github.com/husobee/sudoku/utils.go:61.3,61.27 1 1
github.com/husobee/sudoku/utils.go:55.38,59.4 2 1
github.com/husobee/sudoku/utils.go:61.27,62.23 1 1
github.com/husobee/sudoku/utils.go:62.23,64.36 1 1
github.com/husobee/sudoku/utils.go:64.36,68.6 2 1
github.com/husobee/sudoku/utils.go:69.5,71.20 1 1
github.com/husobee/sudoku/utils.go:71.20,74.6 2 1
